<?xml version="1.0" encoding="UTF-8"?>
<testsuite name="net.corda.samples.tokenizedhouse.FlowTests" tests="2" skipped="0" failures="0" errors="0" timestamp="2022-12-19T21:17:49" hostname="Diogo-PC" time="25.342">
  <properties/>
  <testcase name="houseTokenStateCreation" classname="net.corda.samples.tokenizedhouse.FlowTests" time="21.739"/>
  <testcase name="houseTokenStateIssuance" classname="net.corda.samples.tokenizedhouse.FlowTests" time="3.603"/>
  <system-out><![CDATA[?[37m[INFO] 18:17:52,264 [Test worker] internal.TestCordappImpl. - Generating CorDapp jar from local project in F:\diogo\Documents\Diogo_Programação\2-FungibleToken-Issue-and-Swap\workflows ...
?[m?[37m[INFO] 18:17:52,464 [Connection worker] internal.TestCordappImpl. - Build
?[m?[37m[INFO] 18:17:53,657 [Connection worker] internal.TestCordappImpl. - Connecting to Gradle Daemon
?[m?[37m[INFO] 18:17:53,670 [Connection worker] internal.TestCordappImpl. - Build
?[m?[37m[INFO] 18:17:53,711 [Connection worker] internal.TestCordappImpl. - Run build
?[m?[37m[INFO] 18:17:53,711 [Connection worker] internal.TestCordappImpl. - Evaluate settings
?[m?[37m[INFO] 18:17:53,711 [Connection worker] internal.TestCordappImpl. - Run build
?[m?[37m[INFO] 18:17:53,711 [Connection worker] internal.TestCordappImpl. - Configure build
?[m?[37m[INFO] 18:17:53,711 [Connection worker] internal.TestCordappImpl. - Load projects
?[m?[37m[INFO] 18:17:53,711 [Connection worker] internal.TestCordappImpl. - Configure build
?[m?[37m[INFO] 18:17:53,711 [Connection worker] internal.TestCordappImpl. - Configure project :
?[m?[37m[INFO] 18:17:53,726 [Connection worker] internal.TestCordappImpl. - Resolve dependencies of :classpath
?[m?[37m[INFO] 18:17:53,774 [Connection worker] internal.TestCordappImpl. - Configure project :
?[m?[37m[INFO] 18:17:53,774 [Connection worker] internal.TestCordappImpl. - Resolve files of :classpath
?[m?[37m[INFO] 18:17:53,790 [Connection worker] internal.TestCordappImpl. - Configure project :
?[m?[37m[INFO] 18:17:53,791 [Connection worker] internal.TestCordappImpl. - Resolve files of :classpath
?[m?[37m[INFO] 18:17:53,791 [Connection worker] internal.TestCordappImpl. - Configure project :
?[m?[37m[INFO] 18:17:53,838 [Connection worker] internal.TestCordappImpl. - Configure build
?[m?[37m[INFO] 18:17:53,838 [Connection worker] internal.TestCordappImpl. - Configure project :clients
?[m?[37m[INFO] 18:17:53,838 [Connection worker] internal.TestCordappImpl. - Configure build
?[m?[37m[INFO] 18:17:53,838 [Connection worker] internal.TestCordappImpl. - Configure project :contracts
?[m?[37m[INFO] 18:17:53,854 [Connection worker] internal.TestCordappImpl. - Configure build
?[m?[37m[INFO] 18:17:53,854 [Connection worker] internal.TestCordappImpl. - Configure project :workflows
?[m?[37m[INFO] 18:17:53,854 [Connection worker] internal.TestCordappImpl. - Configure build
?[m?[37m[INFO] 18:17:53,854 [Connection worker] internal.TestCordappImpl. - Run build
?[m?[37m[INFO] 18:17:53,869 [Connection worker] internal.TestCordappImpl. - Run tasks
?[m?[37m[INFO] 18:17:53,884 [Connection worker] internal.TestCordappImpl. - Task :contracts:compileJava
?[m?[37m[INFO] 18:17:53,884 [Connection worker] internal.TestCordappImpl. - Resolve dependencies of :contracts:compileClasspath
?[m?[37m[INFO] 18:17:53,933 [Connection worker] internal.TestCordappImpl. - Task :contracts:compileJava
?[m?[37m[INFO] 18:17:53,933 [Connection worker] internal.TestCordappImpl. - Resolve files of :contracts:compileClasspath
?[m?[37m[INFO] 18:17:53,933 [Connection worker] internal.TestCordappImpl. - Task :contracts:compileJava
?[m?[37m[INFO] 18:17:53,948 [Connection worker] internal.TestCordappImpl. - Resolve dependencies of :contracts:annotationProcessor
?[m?[37m[INFO] 18:17:53,948 [Connection worker] internal.TestCordappImpl. - Task :contracts:compileJava
?[m?[37m[INFO] 18:17:53,948 [Connection worker] internal.TestCordappImpl. - Run tasks
?[m?[37m[INFO] 18:17:53,948 [Connection worker] internal.TestCordappImpl. - Task :contracts:processResources
?[m?[37m[INFO] 18:17:53,948 [Connection worker] internal.TestCordappImpl. - Run tasks
?[m?[37m[INFO] 18:17:53,948 [Connection worker] internal.TestCordappImpl. - Task :contracts:classes
?[m?[37m[INFO] 18:17:53,948 [Connection worker] internal.TestCordappImpl. - Run tasks
?[m?[37m[INFO] 18:17:53,948 [Connection worker] internal.TestCordappImpl. - Task :contracts:configureCordappFatJar
?[m?[37m[INFO] 18:17:53,948 [Connection worker] internal.TestCordappImpl. - Resolve dependencies of :contracts:runtime
?[m?[37m[INFO] 18:17:53,964 [Connection worker] internal.TestCordappImpl. - Task :contracts:configureCordappFatJar
?[m?[37m[INFO] 18:17:53,964 [Connection worker] internal.TestCordappImpl. - Resolve files of :contracts:runtime
?[m?[37m[INFO] 18:17:53,964 [Connection worker] internal.TestCordappImpl. - Task :contracts:configureCordappFatJar
?[m?[37m[INFO] 18:17:53,980 [Connection worker] internal.TestCordappImpl. - Resolve files of :contracts:runtime
?[m?[37m[INFO] 18:17:53,980 [Connection worker] internal.TestCordappImpl. - Task :contracts:configureCordappFatJar
?[m?[37m[INFO] 18:17:53,980 [Connection worker] internal.TestCordappImpl. - Resolve files of :contracts:runtime
?[m?[37m[INFO] 18:17:53,980 [Connection worker] internal.TestCordappImpl. - Task :contracts:configureCordappFatJar
?[m?[37m[INFO] 18:17:53,980 [Connection worker] internal.TestCordappImpl. - Resolve files of :contracts:runtime
?[m?[37m[INFO] 18:17:53,980 [Connection worker] internal.TestCordappImpl. - Task :contracts:configureCordappFatJar
?[m?[37m[INFO] 18:17:53,980 [Connection worker] internal.TestCordappImpl. - Resolve files of :contracts:runtime
?[m?[37m[INFO] 18:17:53,980 [Connection worker] internal.TestCordappImpl. - Task :contracts:configureCordappFatJar
?[m?[37m[INFO] 18:17:53,980 [Connection worker] internal.TestCordappImpl. - Resolve files of :contracts:runtime
?[m?[37m[INFO] 18:17:53,980 [Connection worker] internal.TestCordappImpl. - Task :contracts:configureCordappFatJar
?[m?[37m[INFO] 18:17:53,980 [Connection worker] internal.TestCordappImpl. - Run tasks
?[m?[37m[INFO] 18:17:53,980 [Connection worker] internal.TestCordappImpl. - Task :contracts:jar
?[m?[37m[INFO] 18:17:53,980 [Connection worker] internal.TestCordappImpl. - Run tasks
?[m?[37m[INFO] 18:17:53,980 [Connection worker] internal.TestCordappImpl. - Task :workflows:compileJava
?[m?[37m[INFO] 18:17:53,996 [Connection worker] internal.TestCordappImpl. - Resolve dependencies of :workflows:compileClasspath
?[m?[37m[INFO] 18:17:54,013 [Connection worker] internal.TestCordappImpl. - Task :workflows:compileJava
?[m?[37m[INFO] 18:17:54,013 [Connection worker] internal.TestCordappImpl. - Resolve files of :workflows:compileClasspath
?[m?[37m[INFO] 18:17:54,013 [Connection worker] internal.TestCordappImpl. - Task :workflows:compileJava
?[m?[37m[INFO] 18:17:54,013 [Connection worker] internal.TestCordappImpl. - Resolve dependencies of :workflows:annotationProcessor
?[m?[37m[INFO] 18:17:54,013 [Connection worker] internal.TestCordappImpl. - Task :workflows:compileJava
?[m?[37m[INFO] 18:17:54,028 [Connection worker] internal.TestCordappImpl. - Run tasks
?[m?[37m[INFO] 18:17:54,028 [Connection worker] internal.TestCordappImpl. - Task :workflows:processResources
?[m?[37m[INFO] 18:17:54,028 [Connection worker] internal.TestCordappImpl. - Run tasks
?[m?[37m[INFO] 18:17:54,028 [Connection worker] internal.TestCordappImpl. - Task :workflows:classes
?[m?[37m[INFO] 18:17:54,028 [Connection worker] internal.TestCordappImpl. - Run tasks
?[m?[37m[INFO] 18:17:54,028 [Connection worker] internal.TestCordappImpl. - Task :workflows:configureCordappFatJar
?[m?[37m[INFO] 18:17:54,028 [Connection worker] internal.TestCordappImpl. - Resolve dependencies of :workflows:runtime
?[m?[37m[INFO] 18:17:54,044 [Connection worker] internal.TestCordappImpl. - Task :workflows:configureCordappFatJar
?[m?[37m[INFO] 18:17:54,044 [Connection worker] internal.TestCordappImpl. - Resolve files of :workflows:runtime
?[m?[37m[INFO] 18:17:54,044 [Connection worker] internal.TestCordappImpl. - Task :workflows:configureCordappFatJar
?[m?[37m[INFO] 18:17:54,044 [Connection worker] internal.TestCordappImpl. - Resolve files of :workflows:runtime
?[m?[37m[INFO] 18:17:54,044 [Connection worker] internal.TestCordappImpl. - Task :workflows:configureCordappFatJar
?[m?[37m[INFO] 18:17:54,044 [Connection worker] internal.TestCordappImpl. - Resolve files of :workflows:runtime
?[m?[37m[INFO] 18:17:54,044 [Connection worker] internal.TestCordappImpl. - Task :workflows:configureCordappFatJar
?[m?[37m[INFO] 18:17:54,044 [Connection worker] internal.TestCordappImpl. - Resolve files of :workflows:runtime
?[m?[37m[INFO] 18:17:54,044 [Connection worker] internal.TestCordappImpl. - Task :workflows:configureCordappFatJar
?[m?[37m[INFO] 18:17:54,044 [Connection worker] internal.TestCordappImpl. - Resolve files of :workflows:runtime
?[m?[37m[INFO] 18:17:54,044 [Connection worker] internal.TestCordappImpl. - Task :workflows:configureCordappFatJar
?[m?[37m[INFO] 18:17:54,044 [Connection worker] internal.TestCordappImpl. - Resolve files of :workflows:runtime
?[m?[37m[INFO] 18:17:54,044 [Connection worker] internal.TestCordappImpl. - Task :workflows:configureCordappFatJar
?[m?[37m[INFO] 18:17:54,044 [Connection worker] internal.TestCordappImpl. - Resolve files of :workflows:runtime
?[m?[37m[INFO] 18:17:54,044 [Connection worker] internal.TestCordappImpl. - Task :workflows:configureCordappFatJar
?[m?[37m[INFO] 18:17:54,044 [Connection worker] internal.TestCordappImpl. - Resolve files of :workflows:runtime
?[m?[37m[INFO] 18:17:54,044 [Connection worker] internal.TestCordappImpl. - Task :workflows:configureCordappFatJar
?[m?[37m[INFO] 18:17:54,045 [Connection worker] internal.TestCordappImpl. - Resolve files of :workflows:runtime
?[m?[37m[INFO] 18:17:54,045 [Connection worker] internal.TestCordappImpl. - Task :workflows:configureCordappFatJar
?[m?[37m[INFO] 18:17:54,045 [Connection worker] internal.TestCordappImpl. - Run tasks
?[m?[37m[INFO] 18:17:54,060 [Connection worker] internal.TestCordappImpl. - Task :workflows:jar
?[m?[37m[INFO] 18:17:54,075 [Connection worker] internal.TestCordappImpl. - Run tasks
?[m?[37m[INFO] 18:17:54,075 [Connection worker] internal.TestCordappImpl. - Run build
?[m?[37m[INFO] 18:17:54,075 [Connection worker] internal.TestCordappImpl. - Build model 'java.lang.Void' for project ':workflows'
?[m?[37m[INFO] 18:17:54,075 [Connection worker] internal.TestCordappImpl. - Run build
?[m?[37m[INFO] 18:17:54,076 [Connection worker] internal.TestCordappImpl. - Build
?[m?[37m[INFO] 18:17:54,091 [Connection worker] internal.TestCordappImpl. - Deleting unused version-specific caches in F:\diogo\Documents\Diogo_Programação\2-FungibleToken-Issue-and-Swap\.gradle
?[m?[37m[INFO] 18:17:54,091 [Connection worker] internal.TestCordappImpl. - Build
?[m?[37m[INFO] 18:17:54,119 [Connection worker] internal.TestCordappImpl. - 
?[m?[37m[INFO] 18:17:58,500 [Test worker] cordapp.JarScanningCordappLoader. - Looking for CorDapps in [build\mock-network\20221219-211751.144-77960ADE5643869C\nodes\0\cordapps]
?[m?[37m[INFO] 18:17:58,508 [Test worker] cordapp.JarScanningCordappLoader. - Loading CorDapps from RestrictedURL(url=file:/F:/diogo/Documents/Diogo_Programação/2-FungibleToken-Issue-and-Swap/workflows/build/mock-network/20221219-211751.144-77960ADE5643869C/nodes/0/cordapps/contracts-1.0.jar, rootPackageName=null), RestrictedURL(url=file:/F:/diogo/Documents/Diogo_Programação/2-FungibleToken-Issue-and-Swap/workflows/build/mock-network/20221219-211751.144-77960ADE5643869C/nodes/0/cordapps/tokens-contracts-1.2.jar, rootPackageName=null), RestrictedURL(url=file:/F:/diogo/Documents/Diogo_Programação/2-FungibleToken-Issue-and-Swap/workflows/build/mock-network/20221219-211751.144-77960ADE5643869C/nodes/0/cordapps/tokens-workflows-1.2.jar, rootPackageName=null), RestrictedURL(url=file:/F:/diogo/Documents/Diogo_Programação/2-FungibleToken-Issue-and-Swap/workflows/build/mock-network/20221219-211751.144-77960ADE5643869C/nodes/0/cordapps/workflows-1.0.jar, rootPackageName=null)
?[m?[37m[INFO] 18:17:58,518 [Test worker] cordapp.JarScanningCordappLoader. - Scanning CorDapp in file:/F:/diogo/Documents/Diogo_Programação/2-FungibleToken-Issue-and-Swap/workflows/build/mock-network/20221219-211751.144-77960ADE5643869C/nodes/0/cordapps/contracts-1.0.jar
?[m?[37m[INFO] 18:17:58,670 [Test worker] cordapp.JarScanningCordappLoader. - Scanning CorDapp in file:/F:/diogo/Documents/Diogo_Programação/2-FungibleToken-Issue-and-Swap/workflows/build/mock-network/20221219-211751.144-77960ADE5643869C/nodes/0/cordapps/tokens-contracts-1.2.jar
?[m?[37m[INFO] 18:17:58,742 [Test worker] cordapp.JarScanningCordappLoader. - Scanning CorDapp in file:/F:/diogo/Documents/Diogo_Programação/2-FungibleToken-Issue-and-Swap/workflows/build/mock-network/20221219-211751.144-77960ADE5643869C/nodes/0/cordapps/tokens-workflows-1.2.jar
?[m?[37m[INFO] 18:17:58,925 [Test worker] cordapp.JarScanningCordappLoader. - Scanning CorDapp in file:/F:/diogo/Documents/Diogo_Programação/2-FungibleToken-Issue-and-Swap/workflows/build/mock-network/20221219-211751.144-77960ADE5643869C/nodes/0/cordapps/workflows-1.0.jar
?[m?[37m[INFO] 18:17:59,925 [Test worker] internal.InternalMockNetwork$MockNode. - MessagingService active change to: false
?[m?[37m[INFO] 18:18:00,120 [Test worker] internal.InternalMockNetwork$MockNode. - Flow external operation executor has a max of 2 threads
?[m?[37m[INFO] 18:18:00,179 [Test worker] internal.InternalMockNetwork$MockNode. - Node starting up ...
?[m?[37m[INFO] 18:18:00,203 [Test worker] internal.KeyStoreHandler. - Loaded trusted root certificate: DL7fwxLm5xbiMD8adUuYTsPZHAict46Ng4w6RNcySt5vAw, alias: cordarootca
?[m?[37m[INFO] 18:18:00,207 [Test worker] internal.KeyStoreHandler. - Loaded node identity key: DL7tvVdTBo72yu2Ag9nUvt6vGTDEckaD1ptq2of1rZ6vCg, alias: identity-private-key
?[m?[37m[INFO] 18:18:00,293 [Test worker] internal.NodeFlowManager. - Registered com.r3.corda.lib.tokens.workflows.flows.rpc.ConfidentialIssueTokens to initiate com.r3.corda.lib.tokens.workflows.flows.rpc.ConfidentialIssueTokensHandler (version 1)
?[m?[37m[INFO] 18:18:00,293 [Test worker] internal.NodeFlowManager. - Registered com.r3.corda.lib.tokens.workflows.flows.rpc.ConfidentialMoveFungibleTokens to initiate com.r3.corda.lib.tokens.workflows.flows.rpc.ConfidentialMoveFungibleTokensHandler (version 1)
?[m?[37m[INFO] 18:18:00,293 [Test worker] internal.NodeFlowManager. - Registered com.r3.corda.lib.tokens.workflows.flows.rpc.ConfidentialMoveNonFungibleTokens to initiate com.r3.corda.lib.tokens.workflows.flows.rpc.ConfidentialMoveNonFungibleTokensHandler (version 1)
?[m?[37m[INFO] 18:18:00,294 [Test worker] internal.NodeFlowManager. - Registered com.r3.corda.lib.tokens.workflows.flows.rpc.ConfidentialRedeemFungibleTokens to initiate com.r3.corda.lib.tokens.workflows.flows.rpc.ConfidentialRedeemFungibleTokensHandler (version 1)
?[m?[37m[INFO] 18:18:00,294 [Test worker] internal.NodeFlowManager. - Registered com.r3.corda.lib.tokens.workflows.flows.rpc.CreateEvolvableTokens to initiate com.r3.corda.lib.tokens.workflows.flows.rpc.CreateEvolvableTokensHandler (version 1)
?[m?[37m[INFO] 18:18:00,294 [Test worker] internal.NodeFlowManager. - Registered com.r3.corda.lib.tokens.workflows.flows.rpc.IssueTokens to initiate com.r3.corda.lib.tokens.workflows.flows.rpc.IssueTokensHandler (version 1)
?[m?[37m[INFO] 18:18:00,295 [Test worker] internal.NodeFlowManager. - Registered com.r3.corda.lib.tokens.workflows.flows.rpc.MoveFungibleTokens to initiate com.r3.corda.lib.tokens.workflows.flows.rpc.MoveFungibleTokensHandler (version 1)
?[m?[37m[INFO] 18:18:00,295 [Test worker] internal.NodeFlowManager. - Registered com.r3.corda.lib.tokens.workflows.flows.rpc.MoveNonFungibleTokens to initiate com.r3.corda.lib.tokens.workflows.flows.rpc.MoveNonFungibleTokensHandler (version 1)
?[m?[37m[INFO] 18:18:00,295 [Test worker] internal.NodeFlowManager. - Registered com.r3.corda.lib.tokens.workflows.flows.rpc.RedeemFungibleTokens to initiate com.r3.corda.lib.tokens.workflows.flows.rpc.RedeemFungibleTokensHandler (version 1)
?[m?[37m[INFO] 18:18:00,295 [Test worker] internal.NodeFlowManager. - Registered com.r3.corda.lib.tokens.workflows.flows.rpc.RedeemNonFungibleTokens to initiate com.r3.corda.lib.tokens.workflows.flows.rpc.RedeemNonFungibleTokensHandler (version 1)
?[m?[37m[INFO] 18:18:00,296 [Test worker] internal.NodeFlowManager. - Registered com.r3.corda.lib.tokens.workflows.flows.rpc.UpdateEvolvableToken to initiate com.r3.corda.lib.tokens.workflows.flows.rpc.UpdateEvolvableTokenHandler (version 1)
?[m?[37m[INFO] 18:18:00,296 [Test worker] internal.NodeFlowManager. - Registered com.r3.corda.lib.tokens.workflows.internal.flows.distribution.RequestAdditionToDistributionList$Initiator to initiate com.r3.corda.lib.tokens.workflows.internal.flows.distribution.RequestAdditionToDistributionList$Responder (version 1)
?[m?[37m[INFO] 18:18:00,296 [Test worker] internal.NodeFlowManager. - Registered com.r3.corda.lib.tokens.workflows.internal.flows.distribution.UpdateDistributionListFlow to initiate com.r3.corda.lib.tokens.workflows.internal.flows.distribution.UpdateDistributionListFlowHandler (version 1)
?[m?[37m[INFO] 18:18:00,316 [Test worker] internal.NodeFlowManager. - Registered com.r3.corda.lib.tokens.workflows.internal.testflows.DvPFlow to initiate com.r3.corda.lib.tokens.workflows.internal.testflows.DvPFlowHandler (version 1)
?[m?[37m[INFO] 18:18:00,316 [Test worker] internal.NodeFlowManager. - Registered net.corda.samples.tokenizedhouse.flows.RealEstateEvolvableFungibleTokenFlow$MoveHouseTokenFlow to initiate net.corda.samples.tokenizedhouse.flows.RealEstateEvolvableFungibleTokenFlow$MoveEvolvableFungibleTokenFlowResponder (version 1)
?[m?[37m[INFO] 18:18:00,380 [Test worker] internal.InternalMockNetwork$MockNode. - Loaded network parameters: NetworkParameters {
      minimumPlatformVersion=4
      notaries=[NotaryInfo(identity=O=Notary, L=London, C=GB, validating=true)]
      maxMessageSize=10485760
      maxTransactionSize=52428800
      whitelistedContractImplementations {
        
      }
      eventHorizon=PT51539607528H
      packageOwnership {
        
      }
      modifiedTime=2022-12-19T21:17:49.107Z
      epoch=1
  }
?[m?[37m[INFO] 18:18:00,429 [Test worker] hikari.HikariDataSource. - HikariPool-1 - Starting...
?[m?[37m[INFO] 18:18:01,060 [Test worker] hikari.HikariDataSource. - HikariPool-1 - Start completed.
?[m?[37m[INFO] 18:18:03,735 [Test worker] jvm.JdbcExecutor. - SELECT MD5SUM FROM PUBLIC.DATABASECHANGELOG WHERE MD5SUM IS NOT NULL
?[m?[37m[INFO] 18:18:03,737 [Test worker] jvm.JdbcExecutor. - SELECT COUNT(*) FROM PUBLIC.DATABASECHANGELOG
?[m?[37m[INFO] 18:18:03,737 [Test worker] changelog.StandardChangeLogHistoryService. - Reading from PUBLIC.DATABASECHANGELOG
?[m?[37m[INFO] 18:18:03,737 [Test worker] jvm.JdbcExecutor. - SELECT * FROM PUBLIC.DATABASECHANGELOG ORDER BY DATEEXECUTED ASC, ORDEREXECUTED ASC
?[m?[37m[INFO] 18:18:03,744 [Test worker] jvm.JdbcExecutor. - SELECT COUNT(*) FROM PUBLIC.DATABASECHANGELOGLOCK
?[m?[37m[INFO] 18:18:03,744 [Test worker] jvm.JdbcExecutor. - SELECT COUNT(*) FROM PUBLIC.DATABASECHANGELOGLOCK
?[m?[37m[INFO] 18:18:03,778 [Test worker] visitor.ValidatingVisitor. - Skipping change set migration/vault-schema.changelog-v13.xml::vault_transaction_id_size_non-clustered_pk-1::R3.Corda due to validation error(s): clustered is not allowed on h2 {changeSet=migration/vault-schema.changelog-v13.xml::vault_transaction_id_size_non-clustered_pk-1::R3.Corda, databaseChangeLog=master.changelog.json}
?[m?[37m[INFO] 18:18:03,778 [Test worker] visitor.ValidatingVisitor. - Skipping change set migration/vault-schema.changelog-v13.xml::vault_transaction_id_size_non-clustered_pk-2::R3.Corda due to validation error(s): clustered is not allowed on h2 {changeSet=migration/vault-schema.changelog-v13.xml::vault_transaction_id_size_non-clustered_pk-2::R3.Corda, databaseChangeLog=master.changelog.json}
?[m?[37m[INFO] 18:18:03,779 [Test worker] visitor.ValidatingVisitor. - Skipping change set migration/vault-schema.changelog-v13.xml::vault_transaction_id_size_non-clustered_pk-3::R3.Corda due to validation error(s): clustered is not allowed on h2 {changeSet=migration/vault-schema.changelog-v13.xml::vault_transaction_id_size_non-clustered_pk-3::R3.Corda, databaseChangeLog=master.changelog.json}
?[m?[37m[INFO] 18:18:03,807 [Test worker] visitor.ValidatingVisitor. - Skipping change set migration/node-core.changelog-v21.xml::node_transaction_id_size_non-clustered_pk::R3.Corda due to validation error(s): clustered is not allowed on h2 {changeSet=migration/node-core.changelog-v21.xml::node_transaction_id_size_non-clustered_pk::R3.Corda, databaseChangeLog=master.changelog.json}
?[m?[37m[INFO] 18:18:03,810 [Test worker] visitor.ValidatingVisitor. - Skipping change set migration/node-notary.changelog-pkey.xml::non-clustered_pk-notary_state::R3.Corda due to validation error(s): clustered is not allowed on h2 {changeSet=migration/node-notary.changelog-pkey.xml::non-clustered_pk-notary_state::R3.Corda, databaseChangeLog=master.changelog.json}
?[m?[37m[INFO] 18:18:03,814 [Test worker] visitor.ValidatingVisitor. - Skipping change set migration/node-notary.changelog-v4.xml::node_notary_transaction_id_size-non-clustered_pk::R3.Corda due to validation error(s): clustered is not allowed on h2 {changeSet=migration/node-notary.changelog-v4.xml::node_notary_transaction_id_size-non-clustered_pk::R3.Corda, databaseChangeLog=master.changelog.json}
?[m?[37m[INFO] 18:18:03,816 [Test worker] jvm.JdbcExecutor. - SELECT LOCKED FROM PUBLIC.DATABASECHANGELOGLOCK WHERE ID=1
?[m?[37m[INFO] 18:18:03,823 [Test worker] lockservice.StandardLockService. - Successfully acquired change log lock
?[m?[37m[INFO] 18:18:03,824 [Test worker] visitor.ValidatingVisitor. - Skipping change set migration/vault-schema.changelog-v13.xml::vault_transaction_id_size_non-clustered_pk-1::R3.Corda due to validation error(s): clustered is not allowed on h2 {changeSet=migration/vault-schema.changelog-v13.xml::vault_transaction_id_size_non-clustered_pk-1::R3.Corda, databaseChangeLog=master.changelog.json}
?[m?[37m[INFO] 18:18:03,824 [Test worker] visitor.ValidatingVisitor. - Skipping change set migration/vault-schema.changelog-v13.xml::vault_transaction_id_size_non-clustered_pk-2::R3.Corda due to validation error(s): clustered is not allowed on h2 {changeSet=migration/vault-schema.changelog-v13.xml::vault_transaction_id_size_non-clustered_pk-2::R3.Corda, databaseChangeLog=master.changelog.json}
?[m?[37m[INFO] 18:18:03,825 [Test worker] visitor.ValidatingVisitor. - Skipping change set migration/vault-schema.changelog-v13.xml::vault_transaction_id_size_non-clustered_pk-3::R3.Corda due to validation error(s): clustered is not allowed on h2 {changeSet=migration/vault-schema.changelog-v13.xml::vault_transaction_id_size_non-clustered_pk-3::R3.Corda, databaseChangeLog=master.changelog.json}
?[m?[37m[INFO] 18:18:03,835 [Test worker] visitor.ValidatingVisitor. - Skipping change set migration/node-core.changelog-v21.xml::node_transaction_id_size_non-clustered_pk::R3.Corda due to validation error(s): clustered is not allowed on h2 {changeSet=migration/node-core.changelog-v21.xml::node_transaction_id_size_non-clustered_pk::R3.Corda, databaseChangeLog=master.changelog.json}
?[m?[37m[INFO] 18:18:03,836 [Test worker] visitor.ValidatingVisitor. - Skipping change set migration/node-notary.changelog-pkey.xml::non-clustered_pk-notary_state::R3.Corda due to validation error(s): clustered is not allowed on h2 {changeSet=migration/node-notary.changelog-pkey.xml::non-clustered_pk-notary_state::R3.Corda, databaseChangeLog=master.changelog.json}
?[m?[37m[INFO] 18:18:03,837 [Test worker] visitor.ValidatingVisitor. - Skipping change set migration/node-notary.changelog-v4.xml::node_notary_transaction_id_size-non-clustered_pk::R3.Corda due to validation error(s): clustered is not allowed on h2 {changeSet=migration/node-notary.changelog-v4.xml::node_notary_transaction_id_size-non-clustered_pk::R3.Corda, databaseChangeLog=master.changelog.json}
?[m?[37m[INFO] 18:18:03,838 [Test worker] jvm.JdbcExecutor. - DROP VIEW PUBLIC.v_pkey_hash_ex_id_map {changeSet=migration/vault-schema.changelog-v13.xml::vault_transaction_id_size::R3.Corda, databaseChangeLog=master.changelog.json}
?[m?[37m[INFO] 18:18:03,842 [Test worker] changelog.ChangeSet. - View v_pkey_hash_ex_id_map dropped {changeSet=migration/vault-schema.changelog-v13.xml::vault_transaction_id_size::R3.Corda, databaseChangeLog=master.changelog.json}
?[m?[37m[INFO] 18:18:03,843 [Test worker] jvm.JdbcExecutor. - ALTER TABLE PUBLIC.vault_fungible_states_parts DROP CONSTRAINT FK__fung_st_parts__fung_st {changeSet=migration/vault-schema.changelog-v13.xml::vault_transaction_id_size::R3.Corda, databaseChangeLog=master.changelog.json}
?[m?[37m[INFO] 18:18:03,844 [Test worker] changelog.ChangeSet. - Foreign key FK__fung_st_parts__fung_st dropped {changeSet=migration/vault-schema.changelog-v13.xml::vault_transaction_id_size::R3.Corda, databaseChangeLog=master.changelog.json}
?[m?[37m[INFO] 18:18:03,844 [Test worker] jvm.JdbcExecutor. - ALTER TABLE PUBLIC.vault_linear_states_parts DROP CONSTRAINT FK__lin_stat_parts__lin_stat {changeSet=migration/vault-schema.changelog-v13.xml::vault_transaction_id_size::R3.Corda, databaseChangeLog=master.changelog.json}
?[m?[37m[INFO] 18:18:03,845 [Test worker] changelog.ChangeSet. - Foreign key FK__lin_stat_parts__lin_stat dropped {changeSet=migration/vault-schema.changelog-v13.xml::vault_transaction_id_size::R3.Corda, databaseChangeLog=master.changelog.json}
?[m?[37m[INFO] 18:18:03,846 [Test worker] jvm.JdbcExecutor. - ALTER TABLE PUBLIC.vault_fungible_states DROP PRIMARY KEY {changeSet=migration/vault-schema.changelog-v13.xml::vault_transaction_id_size::R3.Corda, databaseChangeLog=master.changelog.json}
?[m?[37m[INFO] 18:18:03,849 [Test worker] changelog.ChangeSet. - Primary key dropped from vault_fungible_states {changeSet=migration/vault-schema.changelog-v13.xml::vault_transaction_id_size::R3.Corda, databaseChangeLog=master.changelog.json}
?[m?[37m[INFO] 18:18:03,849 [Test worker] jvm.JdbcExecutor. - ALTER TABLE PUBLIC.vault_linear_states DROP PRIMARY KEY {changeSet=migration/vault-schema.changelog-v13.xml::vault_transaction_id_size::R3.Corda, databaseChangeLog=master.changelog.json}
?[m?[37m[INFO] 18:18:03,850 [Test worker] changelog.ChangeSet. - Primary key dropped from vault_linear_states {changeSet=migration/vault-schema.changelog-v13.xml::vault_transaction_id_size::R3.Corda, databaseChangeLog=master.changelog.json}
?[m?[37m[INFO] 18:18:03,851 [Test worker] jvm.JdbcExecutor. - ALTER TABLE PUBLIC.vault_states DROP PRIMARY KEY {changeSet=migration/vault-schema.changelog-v13.xml::vault_transaction_id_size::R3.Corda, databaseChangeLog=master.changelog.json}
?[m?[37m[INFO] 18:18:03,853 [Test worker] changelog.ChangeSet. - Primary key dropped from vault_states {changeSet=migration/vault-schema.changelog-v13.xml::vault_transaction_id_size::R3.Corda, databaseChangeLog=master.changelog.json}
?[m?[37m[INFO] 18:18:03,853 [Test worker] jvm.JdbcExecutor. - DROP INDEX PUBLIC.transaction_id_index {changeSet=migration/vault-schema.changelog-v13.xml::vault_transaction_id_size::R3.Corda, databaseChangeLog=master.changelog.json}
?[m?[37m[INFO] 18:18:03,855 [Test worker] changelog.ChangeSet. - Index transaction_id_index dropped from table vault_transaction_notes {changeSet=migration/vault-schema.changelog-v13.xml::vault_transaction_id_size::R3.Corda, databaseChangeLog=master.changelog.json}
?[m?[37m[INFO] 18:18:03,855 [Test worker] jvm.JdbcExecutor. - ALTER TABLE PUBLIC.vault_fungible_states ALTER COLUMN transaction_id SET NULL {changeSet=migration/vault-schema.changelog-v13.xml::vault_transaction_id_size::R3.Corda, databaseChangeLog=master.changelog.json}
?[m?[37m[INFO] 18:18:03,856 [Test worker] changelog.ChangeSet. - Null constraint dropped from vault_fungible_states.transaction_id {changeSet=migration/vault-schema.changelog-v13.xml::vault_transaction_id_size::R3.Corda, databaseChangeLog=master.changelog.json}
?[m?[37m[INFO] 18:18:03,856 [Test worker] jvm.JdbcExecutor. - ALTER TABLE PUBLIC.vault_fungible_states_parts ALTER COLUMN transaction_id SET NULL {changeSet=migration/vault-schema.changelog-v13.xml::vault_transaction_id_size::R3.Corda, databaseChangeLog=master.changelog.json}
?[m?[37m[INFO] 18:18:03,857 [Test worker] changelog.ChangeSet. - Null constraint dropped from vault_fungible_states_parts.transaction_id {changeSet=migration/vault-schema.changelog-v13.xml::vault_transaction_id_size::R3.Corda, databaseChangeLog=master.changelog.json}
?[m?[37m[INFO] 18:18:03,857 [Test worker] jvm.JdbcExecutor. - ALTER TABLE PUBLIC.vault_linear_states ALTER COLUMN transaction_id SET NULL {changeSet=migration/vault-schema.changelog-v13.xml::vault_transaction_id_size::R3.Corda, databaseChangeLog=master.changelog.json}
?[m?[37m[INFO] 18:18:03,857 [Test worker] changelog.ChangeSet. - Null constraint dropped from vault_linear_states.transaction_id {changeSet=migration/vault-schema.changelog-v13.xml::vault_transaction_id_size::R3.Corda, databaseChangeLog=master.changelog.json}
?[m?[37m[INFO] 18:18:03,858 [Test worker] jvm.JdbcExecutor. - ALTER TABLE PUBLIC.vault_linear_states_parts ALTER COLUMN transaction_id SET NULL {changeSet=migration/vault-schema.changelog-v13.xml::vault_transaction_id_size::R3.Corda, databaseChangeLog=master.changelog.json}
?[m?[37m[INFO] 18:18:03,858 [Test worker] changelog.ChangeSet. - Null constraint dropped from vault_linear_states_parts.transaction_id {changeSet=migration/vault-schema.changelog-v13.xml::vault_transaction_id_size::R3.Corda, databaseChangeLog=master.changelog.json}
?[m?[37m[INFO] 18:18:03,858 [Test worker] jvm.JdbcExecutor. - ALTER TABLE PUBLIC.vault_states ALTER COLUMN transaction_id SET NULL {changeSet=migration/vault-schema.changelog-v13.xml::vault_transaction_id_size::R3.Corda, databaseChangeLog=master.changelog.json}
?[m?[37m[INFO] 18:18:03,859 [Test worker] changelog.ChangeSet. - Null constraint dropped from vault_states.transaction_id {changeSet=migration/vault-schema.changelog-v13.xml::vault_transaction_id_size::R3.Corda, databaseChangeLog=master.changelog.json}
?[m?[37m[INFO] 18:18:03,859 [Test worker] jvm.JdbcExecutor. - ALTER TABLE PUBLIC.vault_fungible_states ALTER COLUMN transaction_id NVARCHAR(144) {changeSet=migration/vault-schema.changelog-v13.xml::vault_transaction_id_size::R3.Corda, databaseChangeLog=master.changelog.json}
?[m?[37m[INFO] 18:18:03,863 [Test worker] changelog.ChangeSet. - vault_fungible_states.transaction_id datatype was changed to NVARCHAR(144) {changeSet=migration/vault-schema.changelog-v13.xml::vault_transaction_id_size::R3.Corda, databaseChangeLog=master.changelog.json}
?[m?[37m[INFO] 18:18:03,864 [Test worker] jvm.JdbcExecutor. - ALTER TABLE PUBLIC.vault_fungible_states_parts ALTER COLUMN transaction_id NVARCHAR(144) {changeSet=migration/vault-schema.changelog-v13.xml::vault_transaction_id_size::R3.Corda, databaseChangeLog=master.changelog.json}
?[m?[37m[INFO] 18:18:03,867 [Test worker] changelog.ChangeSet. - vault_fungible_states_parts.transaction_id datatype was changed to NVARCHAR(144) {changeSet=migration/vault-schema.changelog-v13.xml::vault_transaction_id_size::R3.Corda, databaseChangeLog=master.changelog.json}
?[m?[37m[INFO] 18:18:03,867 [Test worker] jvm.JdbcExecutor. - ALTER TABLE PUBLIC.vault_linear_states ALTER COLUMN transaction_id NVARCHAR(144) {changeSet=migration/vault-schema.changelog-v13.xml::vault_transaction_id_size::R3.Corda, databaseChangeLog=master.changelog.json}
?[m?[37m[INFO] 18:18:03,875 [Test worker] changelog.ChangeSet. - vault_linear_states.transaction_id datatype was changed to NVARCHAR(144) {changeSet=migration/vault-schema.changelog-v13.xml::vault_transaction_id_size::R3.Corda, databaseChangeLog=master.changelog.json}
?[m?[37m[INFO] 18:18:03,875 [Test worker] jvm.JdbcExecutor. - ALTER TABLE PUBLIC.vault_linear_states_parts ALTER COLUMN transaction_id NVARCHAR(144) {changeSet=migration/vault-schema.changelog-v13.xml::vault_transaction_id_size::R3.Corda, databaseChangeLog=master.changelog.json}
?[m?[37m[INFO] 18:18:03,878 [Test worker] changelog.ChangeSet. - vault_linear_states_parts.transaction_id datatype was changed to NVARCHAR(144) {changeSet=migration/vault-schema.changelog-v13.xml::vault_transaction_id_size::R3.Corda, databaseChangeLog=master.changelog.json}
?[m?[37m[INFO] 18:18:03,878 [Test worker] jvm.JdbcExecutor. - ALTER TABLE PUBLIC.vault_states ALTER COLUMN transaction_id NVARCHAR(144) {changeSet=migration/vault-schema.changelog-v13.xml::vault_transaction_id_size::R3.Corda, databaseChangeLog=master.changelog.json}
?[m?[37m[INFO] 18:18:03,883 [Test worker] changelog.ChangeSet. - vault_states.transaction_id datatype was changed to NVARCHAR(144) {changeSet=migration/vault-schema.changelog-v13.xml::vault_transaction_id_size::R3.Corda, databaseChangeLog=master.changelog.json}
?[m?[37m[INFO] 18:18:03,883 [Test worker] jvm.JdbcExecutor. - ALTER TABLE PUBLIC.vault_transaction_notes ALTER COLUMN transaction_id NVARCHAR(144) {changeSet=migration/vault-schema.changelog-v13.xml::vault_transaction_id_size::R3.Corda, databaseChangeLog=master.changelog.json}
?[m?[37m[INFO] 18:18:03,887 [Test worker] changelog.ChangeSet. - vault_transaction_notes.transaction_id datatype was changed to NVARCHAR(144) {changeSet=migration/vault-schema.changelog-v13.xml::vault_transaction_id_size::R3.Corda, databaseChangeLog=master.changelog.json}
?[m?[37m[INFO] 18:18:03,887 [Test worker] jvm.JdbcExecutor. - ALTER TABLE PUBLIC.state_party ALTER COLUMN transaction_id NVARCHAR(144) {changeSet=migration/vault-schema.changelog-v13.xml::vault_transaction_id_size::R3.Corda, databaseChangeLog=master.changelog.json}
?[m?[37m[INFO] 18:18:03,892 [Test worker] changelog.ChangeSet. - state_party.transaction_id datatype was changed to NVARCHAR(144) {changeSet=migration/vault-schema.changelog-v13.xml::vault_transaction_id_size::R3.Corda, databaseChangeLog=master.changelog.json}
?[m?[37m[INFO] 18:18:03,892 [Test worker] jvm.JdbcExecutor. - ALTER TABLE PUBLIC.vault_fungible_states ALTER COLUMN transaction_id SET NOT NULL {changeSet=migration/vault-schema.changelog-v13.xml::vault_transaction_id_size::R3.Corda, databaseChangeLog=master.changelog.json}
?[m?[37m[INFO] 18:18:03,901 [Test worker] changelog.ChangeSet. - NOT NULL constraint has been added to vault_fungible_states.transaction_id {changeSet=migration/vault-schema.changelog-v13.xml::vault_transaction_id_size::R3.Corda, databaseChangeLog=master.changelog.json}
?[m?[37m[INFO] 18:18:03,901 [Test worker] jvm.JdbcExecutor. - ALTER TABLE PUBLIC.vault_fungible_states_parts ALTER COLUMN transaction_id SET NOT NULL {changeSet=migration/vault-schema.changelog-v13.xml::vault_transaction_id_size::R3.Corda, databaseChangeLog=master.changelog.json}
?[m?[37m[INFO] 18:18:03,902 [Test worker] changelog.ChangeSet. - NOT NULL constraint has been added to vault_fungible_states_parts.transaction_id {changeSet=migration/vault-schema.changelog-v13.xml::vault_transaction_id_size::R3.Corda, databaseChangeLog=master.changelog.json}
?[m?[37m[INFO] 18:18:03,902 [Test worker] jvm.JdbcExecutor. - ALTER TABLE PUBLIC.vault_linear_states ALTER COLUMN transaction_id SET NOT NULL {changeSet=migration/vault-schema.changelog-v13.xml::vault_transaction_id_size::R3.Corda, databaseChangeLog=master.changelog.json}
?[m?[37m[INFO] 18:18:03,903 [Test worker] changelog.ChangeSet. - NOT NULL constraint has been added to vault_linear_states.transaction_id {changeSet=migration/vault-schema.changelog-v13.xml::vault_transaction_id_size::R3.Corda, databaseChangeLog=master.changelog.json}
?[m?[37m[INFO] 18:18:03,903 [Test worker] jvm.JdbcExecutor. - ALTER TABLE PUBLIC.vault_linear_states_parts ALTER COLUMN transaction_id SET NOT NULL {changeSet=migration/vault-schema.changelog-v13.xml::vault_transaction_id_size::R3.Corda, databaseChangeLog=master.changelog.json}
?[m?[37m[INFO] 18:18:03,903 [Test worker] changelog.ChangeSet. - NOT NULL constraint has been added to vault_linear_states_parts.transaction_id {changeSet=migration/vault-schema.changelog-v13.xml::vault_transaction_id_size::R3.Corda, databaseChangeLog=master.changelog.json}
?[m?[37m[INFO] 18:18:03,903 [Test worker] jvm.JdbcExecutor. - ALTER TABLE PUBLIC.vault_states ALTER COLUMN transaction_id SET NOT NULL {changeSet=migration/vault-schema.changelog-v13.xml::vault_transaction_id_size::R3.Corda, databaseChangeLog=master.changelog.json}
?[m?[37m[INFO] 18:18:03,904 [Test worker] changelog.ChangeSet. - NOT NULL constraint has been added to vault_states.transaction_id {changeSet=migration/vault-schema.changelog-v13.xml::vault_transaction_id_size::R3.Corda, databaseChangeLog=master.changelog.json}
?[m?[37m[INFO] 18:18:03,904 [Test worker] jvm.JdbcExecutor. - ALTER TABLE PUBLIC.vault_fungible_states ADD CONSTRAINT vault_fungible_states_pkey PRIMARY KEY (transaction_id, output_index) {changeSet=migration/vault-schema.changelog-v13.xml::vault_transaction_id_size::R3.Corda, databaseChangeLog=master.changelog.json}
?[m?[37m[INFO] 18:18:03,905 [Test worker] changelog.ChangeSet. - Primary key added to vault_fungible_states (transaction_id, output_index) {changeSet=migration/vault-schema.changelog-v13.xml::vault_transaction_id_size::R3.Corda, databaseChangeLog=master.changelog.json}
?[m?[37m[INFO] 18:18:03,905 [Test worker] jvm.JdbcExecutor. - ALTER TABLE PUBLIC.vault_linear_states ADD CONSTRAINT vault_linear_states_pkey PRIMARY KEY (transaction_id, output_index) {changeSet=migration/vault-schema.changelog-v13.xml::vault_transaction_id_size::R3.Corda, databaseChangeLog=master.changelog.json}
?[m?[37m[INFO] 18:18:03,906 [Test worker] changelog.ChangeSet. - Primary key added to vault_linear_states (transaction_id, output_index) {changeSet=migration/vault-schema.changelog-v13.xml::vault_transaction_id_size::R3.Corda, databaseChangeLog=master.changelog.json}
?[m?[37m[INFO] 18:18:03,906 [Test worker] jvm.JdbcExecutor. - ALTER TABLE PUBLIC.vault_states ADD CONSTRAINT vault_states_pkey PRIMARY KEY (transaction_id, output_index) {changeSet=migration/vault-schema.changelog-v13.xml::vault_transaction_id_size::R3.Corda, databaseChangeLog=master.changelog.json}
?[m?[37m[INFO] 18:18:03,906 [Test worker] changelog.ChangeSet. - Primary key added to vault_states (transaction_id, output_index) {changeSet=migration/vault-schema.changelog-v13.xml::vault_transaction_id_size::R3.Corda, databaseChangeLog=master.changelog.json}
?[m?[37m[INFO] 18:18:03,906 [Test worker] jvm.JdbcExecutor. - CREATE INDEX PUBLIC.transaction_id_index ON PUBLIC.vault_transaction_notes(transaction_id) {changeSet=migration/vault-schema.changelog-v13.xml::vault_transaction_id_size::R3.Corda, databaseChangeLog=master.changelog.json}
?[m?[37m[INFO] 18:18:03,917 [Test worker] changelog.ChangeSet. - Index transaction_id_index created {changeSet=migration/vault-schema.changelog-v13.xml::vault_transaction_id_size::R3.Corda, databaseChangeLog=master.changelog.json}
?[m?[37m[INFO] 18:18:03,917 [Test worker] changelog.ChangeSet. - ChangeSet migration/vault-schema.changelog-v13.xml::vault_transaction_id_size::R3.Corda ran successfully in 79ms {changeSet=migration/vault-schema.changelog-v13.xml::vault_transaction_id_size::R3.Corda, databaseChangeLog=master.changelog.json}
?[m?[37m[INFO] 18:18:03,917 [Test worker] jvm.JdbcExecutor. - SELECT MAX(ORDEREXECUTED) FROM PUBLIC.DATABASECHANGELOG {changeSet=migration/vault-schema.changelog-v13.xml::vault_transaction_id_size::R3.Corda, databaseChangeLog=master.changelog.json}
?[m?[37m[INFO] 18:18:03,922 [Test worker] jvm.JdbcExecutor. - INSERT INTO PUBLIC.DATABASECHANGELOG (ID, AUTHOR, FILENAME, DATEEXECUTED, ORDEREXECUTED, MD5SUM, DESCRIPTION, COMMENTS, EXECTYPE, CONTEXTS, LABELS, LIQUIBASE, DEPLOYMENT_ID) VALUES ('vault_transaction_id_size', 'R3.Corda', 'migration/vault-schema.changelog-v13.xml', NOW(), 94, '8:6251c962c4f12e03040c4fceecdc07e0', 'dropView viewName=v_pkey_hash_ex_id_map; dropForeignKeyConstraint baseTableName=vault_fungible_states_parts, constraintName=FK__fung_st_parts__fung_st; dropForeignKeyConstraint baseTableName=vault_linear_states_parts, constraintName=FK__lin_stat_p...', '', 'EXECUTED', NULL, NULL, '3.6.3', '1484683823') {changeSet=migration/vault-schema.changelog-v13.xml::vault_transaction_id_size::R3.Corda, databaseChangeLog=master.changelog.json}
?[m?[37m[INFO] 18:18:03,925 [Test worker] jvm.JdbcExecutor. - INSERT INTO PUBLIC.DATABASECHANGELOG (ID, AUTHOR, FILENAME, DATEEXECUTED, ORDEREXECUTED, MD5SUM, DESCRIPTION, COMMENTS, EXECTYPE, CONTEXTS, LABELS, LIQUIBASE, DEPLOYMENT_ID) VALUES ('vault_transaction_id_size_non-clustered_pk-1', 'R3.Corda', 'migration/vault-schema.changelog-v13.xml', NOW(), 95, '8:d9c822bbaf7c5eea4cd2559f94a17eba', 'dropPrimaryKey constraintName=vault_fungible_states_pkey, tableName=vault_fungible_states; addPrimaryKey constraintName=vault_fungible_states_pkey, tableName=vault_fungible_states', '', 'MARK_RAN', NULL, NULL, '3.6.3', '1484683823') {changeSet=migration/vault-schema.changelog-v13.xml::vault_transaction_id_size_non-clustered_pk-1::R3.Corda, databaseChangeLog=master.changelog.json}
?[m?[37m[INFO] 18:18:03,926 [Test worker] jvm.JdbcExecutor. - INSERT INTO PUBLIC.DATABASECHANGELOG (ID, AUTHOR, FILENAME, DATEEXECUTED, ORDEREXECUTED, MD5SUM, DESCRIPTION, COMMENTS, EXECTYPE, CONTEXTS, LABELS, LIQUIBASE, DEPLOYMENT_ID) VALUES ('vault_transaction_id_size_non-clustered_pk-2', 'R3.Corda', 'migration/vault-schema.changelog-v13.xml', NOW(), 96, '8:fb2cd4970e95f7c7936b9754a6438da5', 'dropPrimaryKey constraintName=vault_linear_states_pkey, tableName=vault_linear_states; addPrimaryKey constraintName=vault_linear_states_pkey, tableName=vault_linear_states', '', 'MARK_RAN', NULL, NULL, '3.6.3', '1484683823') {changeSet=migration/vault-schema.changelog-v13.xml::vault_transaction_id_size_non-clustered_pk-2::R3.Corda, databaseChangeLog=master.changelog.json}
?[m?[37m[INFO] 18:18:03,928 [Test worker] jvm.JdbcExecutor. - INSERT INTO PUBLIC.DATABASECHANGELOG (ID, AUTHOR, FILENAME, DATEEXECUTED, ORDEREXECUTED, MD5SUM, DESCRIPTION, COMMENTS, EXECTYPE, CONTEXTS, LABELS, LIQUIBASE, DEPLOYMENT_ID) VALUES ('vault_transaction_id_size_non-clustered_pk-3', 'R3.Corda', 'migration/vault-schema.changelog-v13.xml', NOW(), 97, '8:54bd9c17ce296bb02c369a5cfbedd866', 'dropPrimaryKey constraintName=vault_states_pkey, tableName=vault_states; addPrimaryKey constraintName=vault_states_pkey, tableName=vault_states', '', 'MARK_RAN', NULL, NULL, '3.6.3', '1484683823') {changeSet=migration/vault-schema.changelog-v13.xml::vault_transaction_id_size_non-clustered_pk-3::R3.Corda, databaseChangeLog=master.changelog.json}
?[m?[37m[INFO] 18:18:03,930 [Test worker] jvm.JdbcExecutor. - ALTER TABLE PUBLIC.vault_fungible_states_parts ADD CONSTRAINT FK__fung_st_parts__fung_st FOREIGN KEY (transaction_id, output_index) REFERENCES PUBLIC.vault_fungible_states (transaction_id, output_index) {changeSet=migration/vault-schema.changelog-v13.xml::vault_transaction_id_size_2::R3.Corda, databaseChangeLog=master.changelog.json}
?[m?[37m[INFO] 18:18:03,933 [Test worker] changelog.ChangeSet. - Foreign key constraint added to vault_fungible_states_parts (transaction_id,output_index) {changeSet=migration/vault-schema.changelog-v13.xml::vault_transaction_id_size_2::R3.Corda, databaseChangeLog=master.changelog.json}
?[m?[37m[INFO] 18:18:03,933 [Test worker] jvm.JdbcExecutor. - ALTER TABLE PUBLIC.vault_linear_states_parts ADD CONSTRAINT FK__lin_stat_parts__lin_stat FOREIGN KEY (transaction_id, output_index) REFERENCES PUBLIC.vault_linear_states (transaction_id, output_index) {changeSet=migration/vault-schema.changelog-v13.xml::vault_transaction_id_size_2::R3.Corda, databaseChangeLog=master.changelog.json}
?[m?[37m[INFO] 18:18:03,935 [Test worker] changelog.ChangeSet. - Foreign key constraint added to vault_linear_states_parts (transaction_id,output_index) {changeSet=migration/vault-schema.changelog-v13.xml::vault_transaction_id_size_2::R3.Corda, databaseChangeLog=master.changelog.json}
?[m?[37m[INFO] 18:18:03,936 [Test worker] jvm.JdbcExecutor. - CREATE VIEW PUBLIC.v_pkey_hash_ex_id_map AS select
            state_party.public_key_hash,
            state_party.transaction_id,
            state_party.output_index,
            pk_hash_to_ext_id_map.external_id
            from state_party
            join pk_hash_to_ext_id_map
            on state_party.public_key_hash = pk_hash_to_ext_id_map.public_key_hash {changeSet=migration/vault-schema.changelog-v13.xml::vault_transaction_id_size_2::R3.Corda, databaseChangeLog=master.changelog.json}
?[m?[37m[INFO] 18:18:03,937 [Test worker] changelog.ChangeSet. - View v_pkey_hash_ex_id_map created {changeSet=migration/vault-schema.changelog-v13.xml::vault_transaction_id_size_2::R3.Corda, databaseChangeLog=master.changelog.json}
?[m?[37m[INFO] 18:18:03,937 [Test worker] changelog.ChangeSet. - ChangeSet migration/vault-schema.changelog-v13.xml::vault_transaction_id_size_2::R3.Corda ran successfully in 8ms {changeSet=migration/vault-schema.changelog-v13.xml::vault_transaction_id_size_2::R3.Corda, databaseChangeLog=master.changelog.json}
?[m?[37m[INFO] 18:18:03,938 [Test worker] jvm.JdbcExecutor. - INSERT INTO PUBLIC.DATABASECHANGELOG (ID, AUTHOR, FILENAME, DATEEXECUTED, ORDEREXECUTED, MD5SUM, DESCRIPTION, COMMENTS, EXECTYPE, CONTEXTS, LABELS, LIQUIBASE, DEPLOYMENT_ID) VALUES ('vault_transaction_id_size_2', 'R3.Corda', 'migration/vault-schema.changelog-v13.xml', NOW(), 98, '8:39d3cb14fba7c771c1fd93a8ec497365', 'addForeignKeyConstraint baseTableName=vault_fungible_states_parts, constraintName=FK__fung_st_parts__fung_st, referencedTableName=vault_fungible_states; addForeignKeyConstraint baseTableName=vault_linear_states_parts, constraintName=FK__lin_stat_p...', '', 'EXECUTED', NULL, NULL, '3.6.3', '1484683823') {changeSet=migration/vault-schema.changelog-v13.xml::vault_transaction_id_size_2::R3.Corda, databaseChangeLog=master.changelog.json}
?[m?[37m[INFO] 18:18:03,940 [Test worker] jvm.JdbcExecutor. - ALTER TABLE PUBLIC.node_identities_no_cert ADD owning_pk_hash NVARCHAR(130) {changeSet=migration/node-services.changelog-init.xml::identity_service_key_rotation::R3.Corda, databaseChangeLog=master.changelog.json}
?[m?[37m[INFO] 18:18:03,943 [Test worker] changelog.ChangeSet. - Columns owning_pk_hash(NVARCHAR(130)) added to node_identities_no_cert {changeSet=migration/node-services.changelog-init.xml::identity_service_key_rotation::R3.Corda, databaseChangeLog=master.changelog.json}
?[m?[37m[INFO] 18:18:03,944 [Test worker] jvm.JdbcExecutor. - UPDATE node_identities_no_cert SET owning_pk_hash =
            (SELECT pk_hash FROM node_named_identities WHERE node_named_identities.name = node_identities_no_cert.name) {changeSet=migration/node-services.changelog-init.xml::identity_service_key_rotation::R3.Corda, databaseChangeLog=master.changelog.json}
?[m?[37m[INFO] 18:18:03,944 [Test worker] changelog.ChangeSet. - Custom SQL executed {changeSet=migration/node-services.changelog-init.xml::identity_service_key_rotation::R3.Corda, databaseChangeLog=master.changelog.json}
?[m?[37m[INFO] 18:18:03,945 [Test worker] jvm.JdbcExecutor. - UPDATE node_identities_no_cert SET owning_pk_hash = 'unresolved' WHERE owning_pk_hash IS NULL {changeSet=migration/node-services.changelog-init.xml::identity_service_key_rotation::R3.Corda, databaseChangeLog=master.changelog.json}
?[m?[37m[INFO] 18:18:03,945 [Test worker] changelog.ChangeSet. - Custom SQL executed {changeSet=migration/node-services.changelog-init.xml::identity_service_key_rotation::R3.Corda, databaseChangeLog=master.changelog.json}
?[m?[37m[INFO] 18:18:03,945 [Test worker] jvm.JdbcExecutor. - ALTER TABLE PUBLIC.node_identities_no_cert ALTER COLUMN owning_pk_hash SET NOT NULL {changeSet=migration/node-services.changelog-init.xml::identity_service_key_rotation::R3.Corda, databaseChangeLog=master.changelog.json}
?[m?[37m[INFO] 18:18:03,946 [Test worker] changelog.ChangeSet. - NOT NULL constraint has been added to node_identities_no_cert.owning_pk_hash {changeSet=migration/node-services.changelog-init.xml::identity_service_key_rotation::R3.Corda, databaseChangeLog=master.changelog.json}
?[m?[37m[INFO] 18:18:03,946 [Test worker] jvm.JdbcExecutor. - DROP TABLE PUBLIC.node_named_identities {changeSet=migration/node-services.changelog-init.xml::identity_service_key_rotation::R3.Corda, databaseChangeLog=master.changelog.json}
?[m?[37m[INFO] 18:18:03,947 [Test worker] changelog.ChangeSet. - Table node_named_identities dropped {changeSet=migration/node-services.changelog-init.xml::identity_service_key_rotation::R3.Corda, databaseChangeLog=master.changelog.json}
?[m?[37m[INFO] 18:18:03,947 [Test worker] changelog.ChangeSet. - ChangeSet migration/node-services.changelog-init.xml::identity_service_key_rotation::R3.Corda ran successfully in 7ms {changeSet=migration/node-services.changelog-init.xml::identity_service_key_rotation::R3.Corda, databaseChangeLog=master.changelog.json}
?[m?[37m[INFO] 18:18:03,948 [Test worker] jvm.JdbcExecutor. - INSERT INTO PUBLIC.DATABASECHANGELOG (ID, AUTHOR, FILENAME, DATEEXECUTED, ORDEREXECUTED, MD5SUM, DESCRIPTION, COMMENTS, EXECTYPE, CONTEXTS, LABELS, LIQUIBASE, DEPLOYMENT_ID) VALUES ('identity_service_key_rotation', 'R3.Corda', 'migration/node-services.changelog-init.xml', NOW(), 99, '8:45514f858c3ac818303f4ef9950eda23', 'addColumn tableName=node_identities_no_cert; sql; sql; addNotNullConstraint columnName=owning_pk_hash, tableName=node_identities_no_cert; dropTable tableName=node_named_identities', '', 'EXECUTED', NULL, NULL, '3.6.3', '1484683823') {changeSet=migration/node-services.changelog-init.xml::identity_service_key_rotation::R3.Corda, databaseChangeLog=master.changelog.json}
?[m?[37m[INFO] 18:18:03,949 [Test worker] jvm.JdbcExecutor. - CREATE TABLE PUBLIC.node_named_identities (name NVARCHAR(128) NOT NULL, pk_hash NVARCHAR(130)) {changeSet=migration/node-core.changelog-v22.xml::add_node_named_identities_table_back_in::R3.Corda, databaseChangeLog=master.changelog.json}
?[m?[37m[INFO] 18:18:03,949 [Test worker] changelog.ChangeSet. - Table node_named_identities created {changeSet=migration/node-core.changelog-v22.xml::add_node_named_identities_table_back_in::R3.Corda, databaseChangeLog=master.changelog.json}
?[m?[37m[INFO] 18:18:03,949 [Test worker] changelog.ChangeSet. - ChangeSet migration/node-core.changelog-v22.xml::add_node_named_identities_table_back_in::R3.Corda ran successfully in 0ms {changeSet=migration/node-core.changelog-v22.xml::add_node_named_identities_table_back_in::R3.Corda, databaseChangeLog=master.changelog.json}
?[m?[37m[INFO] 18:18:03,950 [Test worker] jvm.JdbcExecutor. - INSERT INTO PUBLIC.DATABASECHANGELOG (ID, AUTHOR, FILENAME, DATEEXECUTED, ORDEREXECUTED, MD5SUM, DESCRIPTION, COMMENTS, EXECTYPE, CONTEXTS, LABELS, LIQUIBASE, DEPLOYMENT_ID) VALUES ('add_node_named_identities_table_back_in', 'R3.Corda', 'migration/node-core.changelog-v22.xml', NOW(), 100, '8:bf6ca4e45e140b225f6f934935dd2f34', 'createTable tableName=node_named_identities', '', 'EXECUTED', NULL, NULL, '3.6.3', '1484683823') {changeSet=migration/node-core.changelog-v22.xml::add_node_named_identities_table_back_in::R3.Corda, databaseChangeLog=master.changelog.json}
?[m?[37m[INFO] 18:18:03,951 [Test worker] jvm.JdbcExecutor. - DROP TABLE PUBLIC.node_checkpoints {changeSet=migration/node-services.changelog-init.xml::add_new_checkpoints_table::R3.Corda, databaseChangeLog=master.changelog.json}
?[m?[37m[INFO] 18:18:03,953 [Test worker] changelog.ChangeSet. - Table node_checkpoints dropped {changeSet=migration/node-services.changelog-init.xml::add_new_checkpoints_table::R3.Corda, databaseChangeLog=master.changelog.json}
?[m?[37m[INFO] 18:18:03,954 [Test worker] jvm.JdbcExecutor. - CREATE TABLE PUBLIC.node_checkpoints (flow_id NVARCHAR(64) NOT NULL, status INT NOT NULL, compatible BOOLEAN NOT NULL, progress_step NVARCHAR(256), flow_io_request NVARCHAR(128), timestamp TIMESTAMP NOT NULL) {changeSet=migration/node-services.changelog-init.xml::add_new_checkpoints_table::R3.Corda, databaseChangeLog=master.changelog.json}
?[m?[37m[INFO] 18:18:03,954 [Test worker] changelog.ChangeSet. - Table node_checkpoints created {changeSet=migration/node-services.changelog-init.xml::add_new_checkpoints_table::R3.Corda, databaseChangeLog=master.changelog.json}
?[m?[37m[INFO] 18:18:03,954 [Test worker] changelog.ChangeSet. - ChangeSet migration/node-services.changelog-init.xml::add_new_checkpoints_table::R3.Corda ran successfully in 3ms {changeSet=migration/node-services.changelog-init.xml::add_new_checkpoints_table::R3.Corda, databaseChangeLog=master.changelog.json}
?[m?[37m[INFO] 18:18:03,955 [Test worker] jvm.JdbcExecutor. - INSERT INTO PUBLIC.DATABASECHANGELOG (ID, AUTHOR, FILENAME, DATEEXECUTED, ORDEREXECUTED, MD5SUM, DESCRIPTION, COMMENTS, EXECTYPE, CONTEXTS, LABELS, LIQUIBASE, DEPLOYMENT_ID) VALUES ('add_new_checkpoints_table', 'R3.Corda', 'migration/node-services.changelog-init.xml', NOW(), 101, '8:cc00474f248a40e330cf0f42c5b7e1a6', 'dropTable tableName=node_checkpoints; createTable tableName=node_checkpoints', '', 'EXECUTED', NULL, NULL, '3.6.3', '1484683823') {changeSet=migration/node-services.changelog-init.xml::add_new_checkpoints_table::R3.Corda, databaseChangeLog=master.changelog.json}
?[m?[37m[INFO] 18:18:03,956 [Test worker] jvm.JdbcExecutor. - CREATE TABLE PUBLIC.node_checkpoint_blobs (flow_id NVARCHAR(64) NOT NULL, checkpoint_value BLOB NOT NULL, flow_state BLOB, timestamp TIMESTAMP NOT NULL, hmac VARBINARY(32) NOT NULL) {changeSet=migration/node-services.changelog-init.xml::add_new_checkpoint_blob_table::R3.Corda, databaseChangeLog=master.changelog.json}
?[m?[37m[INFO] 18:18:03,957 [Test worker] changelog.ChangeSet. - Table node_checkpoint_blobs created {changeSet=migration/node-services.changelog-init.xml::add_new_checkpoint_blob_table::R3.Corda, databaseChangeLog=master.changelog.json}
?[m?[37m[INFO] 18:18:03,957 [Test worker] changelog.ChangeSet. - ChangeSet migration/node-services.changelog-init.xml::add_new_checkpoint_blob_table::R3.Corda ran successfully in 1ms {changeSet=migration/node-services.changelog-init.xml::add_new_checkpoint_blob_table::R3.Corda, databaseChangeLog=master.changelog.json}
?[m?[37m[INFO] 18:18:03,958 [Test worker] jvm.JdbcExecutor. - INSERT INTO PUBLIC.DATABASECHANGELOG (ID, AUTHOR, FILENAME, DATEEXECUTED, ORDEREXECUTED, MD5SUM, DESCRIPTION, COMMENTS, EXECTYPE, CONTEXTS, LABELS, LIQUIBASE, DEPLOYMENT_ID) VALUES ('add_new_checkpoint_blob_table', 'R3.Corda', 'migration/node-services.changelog-init.xml', NOW(), 102, '8:e973d6b794fe4753423964b13fe9fbe6', 'createTable tableName=node_checkpoint_blobs', '', 'EXECUTED', NULL, NULL, '3.6.3', '1484683823') {changeSet=migration/node-services.changelog-init.xml::add_new_checkpoint_blob_table::R3.Corda, databaseChangeLog=master.changelog.json}
?[m?[37m[INFO] 18:18:03,959 [Test worker] jvm.JdbcExecutor. - CREATE TABLE PUBLIC.node_flow_results (flow_id NVARCHAR(64) NOT NULL, result_value BLOB, timestamp TIMESTAMP NOT NULL) {changeSet=migration/node-services.changelog-init.xml::add_new_flow_result_table::R3.Corda, databaseChangeLog=master.changelog.json}
?[m?[37m[INFO] 18:18:03,960 [Test worker] changelog.ChangeSet. - Table node_flow_results created {changeSet=migration/node-services.changelog-init.xml::add_new_flow_result_table::R3.Corda, databaseChangeLog=master.changelog.json}
?[m?[37m[INFO] 18:18:03,960 [Test worker] changelog.ChangeSet. - ChangeSet migration/node-services.changelog-init.xml::add_new_flow_result_table::R3.Corda ran successfully in 2ms {changeSet=migration/node-services.changelog-init.xml::add_new_flow_result_table::R3.Corda, databaseChangeLog=master.changelog.json}
?[m?[37m[INFO] 18:18:03,961 [Test worker] jvm.JdbcExecutor. - INSERT INTO PUBLIC.DATABASECHANGELOG (ID, AUTHOR, FILENAME, DATEEXECUTED, ORDEREXECUTED, MD5SUM, DESCRIPTION, COMMENTS, EXECTYPE, CONTEXTS, LABELS, LIQUIBASE, DEPLOYMENT_ID) VALUES ('add_new_flow_result_table', 'R3.Corda', 'migration/node-services.changelog-init.xml', NOW(), 103, '8:79f1c80610f26db24d6ab757f57e68b7', 'createTable tableName=node_flow_results', '', 'EXECUTED', NULL, NULL, '3.6.3', '1484683823') {changeSet=migration/node-services.changelog-init.xml::add_new_flow_result_table::R3.Corda, databaseChangeLog=master.changelog.json}
?[m?[37m[INFO] 18:18:03,966 [Test worker] jvm.JdbcExecutor. - CREATE TABLE PUBLIC.node_flow_exceptions (flow_id NVARCHAR(64) NOT NULL, type NVARCHAR(256) NOT NULL, exception_message NVARCHAR(2000), stack_trace NVARCHAR(2000) NOT NULL, exception_value BLOB, timestamp TIMESTAMP NOT NULL) {changeSet=migration/node-services.changelog-init.xml::add_new_flow_exceptions_table::R3.Corda, databaseChangeLog=master.changelog.json}
?[m?[37m[INFO] 18:18:03,967 [Test worker] changelog.ChangeSet. - Table node_flow_exceptions created {changeSet=migration/node-services.changelog-init.xml::add_new_flow_exceptions_table::R3.Corda, databaseChangeLog=master.changelog.json}
?[m?[37m[INFO] 18:18:03,968 [Test worker] changelog.ChangeSet. - ChangeSet migration/node-services.changelog-init.xml::add_new_flow_exceptions_table::R3.Corda ran successfully in 3ms {changeSet=migration/node-services.changelog-init.xml::add_new_flow_exceptions_table::R3.Corda, databaseChangeLog=master.changelog.json}
?[m?[37m[INFO] 18:18:03,968 [Test worker] jvm.JdbcExecutor. - INSERT INTO PUBLIC.DATABASECHANGELOG (ID, AUTHOR, FILENAME, DATEEXECUTED, ORDEREXECUTED, MD5SUM, DESCRIPTION, COMMENTS, EXECTYPE, CONTEXTS, LABELS, LIQUIBASE, DEPLOYMENT_ID) VALUES ('add_new_flow_exceptions_table', 'R3.Corda', 'migration/node-services.changelog-init.xml', NOW(), 104, '8:fb0d523c5cf42025c566f105731b34a2', 'createTable tableName=node_flow_exceptions', '', 'EXECUTED', NULL, NULL, '3.6.3', '1484683823') {changeSet=migration/node-services.changelog-init.xml::add_new_flow_exceptions_table::R3.Corda, databaseChangeLog=master.changelog.json}
?[m?[37m[INFO] 18:18:03,970 [Test worker] jvm.JdbcExecutor. - CREATE TABLE PUBLIC.node_flow_metadata (flow_id NVARCHAR(64) NOT NULL, invocation_id NVARCHAR(128) NOT NULL, flow_name NVARCHAR(128) NOT NULL, flow_identifier NVARCHAR(512), started_type INT NOT NULL, flow_parameters BLOB NOT NULL, cordapp_name NVARCHAR(128) NOT NULL, platform_version INT NOT NULL, started_by NVARCHAR(128) NOT NULL, invocation_time TIMESTAMP NOT NULL, start_time TIMESTAMP NOT NULL, finish_time TIMESTAMP) {changeSet=migration/node-services.changelog-init.xml::add_new_flow_metadata_table::R3.Corda, databaseChangeLog=master.changelog.json}
?[m?[37m[INFO] 18:18:03,970 [Test worker] changelog.ChangeSet. - Table node_flow_metadata created {changeSet=migration/node-services.changelog-init.xml::add_new_flow_metadata_table::R3.Corda, databaseChangeLog=master.changelog.json}
?[m?[37m[INFO] 18:18:03,970 [Test worker] changelog.ChangeSet. - ChangeSet migration/node-services.changelog-init.xml::add_new_flow_metadata_table::R3.Corda ran successfully in 1ms {changeSet=migration/node-services.changelog-init.xml::add_new_flow_metadata_table::R3.Corda, databaseChangeLog=master.changelog.json}
?[m?[37m[INFO] 18:18:03,971 [Test worker] jvm.JdbcExecutor. - INSERT INTO PUBLIC.DATABASECHANGELOG (ID, AUTHOR, FILENAME, DATEEXECUTED, ORDEREXECUTED, MD5SUM, DESCRIPTION, COMMENTS, EXECTYPE, CONTEXTS, LABELS, LIQUIBASE, DEPLOYMENT_ID) VALUES ('add_new_flow_metadata_table', 'R3.Corda', 'migration/node-services.changelog-init.xml', NOW(), 105, '8:edede3ddf0425fb6d012735a7415013e', 'createTable tableName=node_flow_metadata', '', 'EXECUTED', NULL, NULL, '3.6.3', '1484683823') {changeSet=migration/node-services.changelog-init.xml::add_new_flow_metadata_table::R3.Corda, databaseChangeLog=master.changelog.json}
?[m?[37m[INFO] 18:18:03,973 [Test worker] jvm.JdbcExecutor. - ALTER TABLE PUBLIC.node_checkpoints ADD CONSTRAINT node_checkpoints_pk PRIMARY KEY (flow_id) {changeSet=migration/node-services.changelog-init.xml::add_new_checkpoint_schema_primary_keys-h2_postgres_oracle::R3.Corda, databaseChangeLog=master.changelog.json}
?[m?[37m[INFO] 18:18:03,974 [Test worker] changelog.ChangeSet. - Primary key added to node_checkpoints (flow_id) {changeSet=migration/node-services.changelog-init.xml::add_new_checkpoint_schema_primary_keys-h2_postgres_oracle::R3.Corda, databaseChangeLog=master.changelog.json}
?[m?[37m[INFO] 18:18:03,974 [Test worker] changelog.ChangeSet. - ChangeSet migration/node-services.changelog-init.xml::add_new_checkpoint_schema_primary_keys-h2_postgres_oracle::R3.Corda ran successfully in 1ms {changeSet=migration/node-services.changelog-init.xml::add_new_checkpoint_schema_primary_keys-h2_postgres_oracle::R3.Corda, databaseChangeLog=master.changelog.json}
?[m?[37m[INFO] 18:18:03,974 [Test worker] jvm.JdbcExecutor. - INSERT INTO PUBLIC.DATABASECHANGELOG (ID, AUTHOR, FILENAME, DATEEXECUTED, ORDEREXECUTED, MD5SUM, DESCRIPTION, COMMENTS, EXECTYPE, CONTEXTS, LABELS, LIQUIBASE, DEPLOYMENT_ID) VALUES ('add_new_checkpoint_schema_primary_keys-h2_postgres_oracle', 'R3.Corda', 'migration/node-services.changelog-init.xml', NOW(), 106, '8:23141f3e3b5917c1cd0196f7b03b8f71', 'addPrimaryKey constraintName=node_checkpoints_pk, tableName=node_checkpoints', '', 'EXECUTED', NULL, NULL, '3.6.3', '1484683823') {changeSet=migration/node-services.changelog-init.xml::add_new_checkpoint_schema_primary_keys-h2_postgres_oracle::R3.Corda, databaseChangeLog=master.changelog.json}
?[m?[37m[INFO] 18:18:03,975 [Test worker] jvm.JdbcExecutor. - CREATE UNIQUE INDEX PUBLIC.node_checkpoint_blobs_idx ON PUBLIC.node_checkpoint_blobs(flow_id) {changeSet=migration/node-services.changelog-init.xml::add_new_checkpoint_schema_indexes::R3.Corda, databaseChangeLog=master.changelog.json}
?[m?[37m[INFO] 18:18:03,976 [Test worker] changelog.ChangeSet. - Index node_checkpoint_blobs_idx created {changeSet=migration/node-services.changelog-init.xml::add_new_checkpoint_schema_indexes::R3.Corda, databaseChangeLog=master.changelog.json}
?[m?[37m[INFO] 18:18:03,976 [Test worker] jvm.JdbcExecutor. - CREATE UNIQUE INDEX PUBLIC.node_flow_results_idx ON PUBLIC.node_flow_results(flow_id) {changeSet=migration/node-services.changelog-init.xml::add_new_checkpoint_schema_indexes::R3.Corda, databaseChangeLog=master.changelog.json}
?[m?[37m[INFO] 18:18:03,976 [Test worker] changelog.ChangeSet. - Index node_flow_results_idx created {changeSet=migration/node-services.changelog-init.xml::add_new_checkpoint_schema_indexes::R3.Corda, databaseChangeLog=master.changelog.json}
?[m?[37m[INFO] 18:18:03,976 [Test worker] jvm.JdbcExecutor. - CREATE UNIQUE INDEX PUBLIC.node_flow_exceptions_idx ON PUBLIC.node_flow_exceptions(flow_id) {changeSet=migration/node-services.changelog-init.xml::add_new_checkpoint_schema_indexes::R3.Corda, databaseChangeLog=master.changelog.json}
?[m?[37m[INFO] 18:18:03,977 [Test worker] changelog.ChangeSet. - Index node_flow_exceptions_idx created {changeSet=migration/node-services.changelog-init.xml::add_new_checkpoint_schema_indexes::R3.Corda, databaseChangeLog=master.changelog.json}
?[m?[37m[INFO] 18:18:03,977 [Test worker] jvm.JdbcExecutor. - CREATE UNIQUE INDEX PUBLIC.node_flow_metadata_idx ON PUBLIC.node_flow_metadata(flow_id) {changeSet=migration/node-services.changelog-init.xml::add_new_checkpoint_schema_indexes::R3.Corda, databaseChangeLog=master.changelog.json}
?[m?[37m[INFO] 18:18:03,978 [Test worker] changelog.ChangeSet. - Index node_flow_metadata_idx created {changeSet=migration/node-services.changelog-init.xml::add_new_checkpoint_schema_indexes::R3.Corda, databaseChangeLog=master.changelog.json}
?[m?[37m[INFO] 18:18:03,978 [Test worker] changelog.ChangeSet. - ChangeSet migration/node-services.changelog-init.xml::add_new_checkpoint_schema_indexes::R3.Corda ran successfully in 3ms {changeSet=migration/node-services.changelog-init.xml::add_new_checkpoint_schema_indexes::R3.Corda, databaseChangeLog=master.changelog.json}
?[m?[37m[INFO] 18:18:03,978 [Test worker] jvm.JdbcExecutor. - INSERT INTO PUBLIC.DATABASECHANGELOG (ID, AUTHOR, FILENAME, DATEEXECUTED, ORDEREXECUTED, MD5SUM, DESCRIPTION, COMMENTS, EXECTYPE, CONTEXTS, LABELS, LIQUIBASE, DEPLOYMENT_ID) VALUES ('add_new_checkpoint_schema_indexes', 'R3.Corda', 'migration/node-services.changelog-init.xml', NOW(), 107, '8:56612ddd39f61523990e27c1b429f467', 'createIndex indexName=node_checkpoint_blobs_idx, tableName=node_checkpoint_blobs; createIndex indexName=node_flow_results_idx, tableName=node_flow_results; createIndex indexName=node_flow_exceptions_idx, tableName=node_flow_exceptions; createIndex...', '', 'EXECUTED', NULL, NULL, '3.6.3', '1484683823') {changeSet=migration/node-services.changelog-init.xml::add_new_checkpoint_schema_indexes::R3.Corda, databaseChangeLog=master.changelog.json}
?[m?[37m[INFO] 18:18:03,979 [Test worker] jvm.JdbcExecutor. - ALTER TABLE PUBLIC.node_transactions DROP PRIMARY KEY {changeSet=migration/node-core.changelog-v21.xml::node_transaction_id_size::R3.Corda, databaseChangeLog=master.changelog.json}
?[m?[37m[INFO] 18:18:03,980 [Test worker] changelog.ChangeSet. - Primary key dropped from node_transactions {changeSet=migration/node-core.changelog-v21.xml::node_transaction_id_size::R3.Corda, databaseChangeLog=master.changelog.json}
?[m?[37m[INFO] 18:18:03,980 [Test worker] jvm.JdbcExecutor. - ALTER TABLE PUBLIC.node_scheduled_states DROP PRIMARY KEY {changeSet=migration/node-core.changelog-v21.xml::node_transaction_id_size::R3.Corda, databaseChangeLog=master.changelog.json}
?[m?[37m[INFO] 18:18:03,981 [Test worker] changelog.ChangeSet. - Primary key dropped from node_scheduled_states {changeSet=migration/node-core.changelog-v21.xml::node_transaction_id_size::R3.Corda, databaseChangeLog=master.changelog.json}
?[m?[37m[INFO] 18:18:03,981 [Test worker] jvm.JdbcExecutor. - ALTER TABLE PUBLIC.node_transactions ALTER COLUMN tx_id SET NULL {changeSet=migration/node-core.changelog-v21.xml::node_transaction_id_size::R3.Corda, databaseChangeLog=master.changelog.json}
?[m?[37m[INFO] 18:18:03,981 [Test worker] changelog.ChangeSet. - Null constraint dropped from node_transactions.tx_id {changeSet=migration/node-core.changelog-v21.xml::node_transaction_id_size::R3.Corda, databaseChangeLog=master.changelog.json}
?[m?[37m[INFO] 18:18:03,981 [Test worker] jvm.JdbcExecutor. - ALTER TABLE PUBLIC.node_scheduled_states ALTER COLUMN transaction_id SET NULL {changeSet=migration/node-core.changelog-v21.xml::node_transaction_id_size::R3.Corda, databaseChangeLog=master.changelog.json}
?[m?[37m[INFO] 18:18:03,982 [Test worker] changelog.ChangeSet. - Null constraint dropped from node_scheduled_states.transaction_id {changeSet=migration/node-core.changelog-v21.xml::node_transaction_id_size::R3.Corda, databaseChangeLog=master.changelog.json}
?[m?[37m[INFO] 18:18:03,982 [Test worker] jvm.JdbcExecutor. - ALTER TABLE PUBLIC.node_transactions ALTER COLUMN tx_id NVARCHAR(144) {changeSet=migration/node-core.changelog-v21.xml::node_transaction_id_size::R3.Corda, databaseChangeLog=master.changelog.json}
?[m?[37m[INFO] 18:18:03,984 [Test worker] changelog.ChangeSet. - node_transactions.tx_id datatype was changed to NVARCHAR(144) {changeSet=migration/node-core.changelog-v21.xml::node_transaction_id_size::R3.Corda, databaseChangeLog=master.changelog.json}
?[m?[37m[INFO] 18:18:03,985 [Test worker] jvm.JdbcExecutor. - ALTER TABLE PUBLIC.node_scheduled_states ALTER COLUMN transaction_id NVARCHAR(144) {changeSet=migration/node-core.changelog-v21.xml::node_transaction_id_size::R3.Corda, databaseChangeLog=master.changelog.json}
?[m?[37m[INFO] 18:18:03,986 [Test worker] changelog.ChangeSet. - node_scheduled_states.transaction_id datatype was changed to NVARCHAR(144) {changeSet=migration/node-core.changelog-v21.xml::node_transaction_id_size::R3.Corda, databaseChangeLog=master.changelog.json}
?[m?[37m[INFO] 18:18:03,986 [Test worker] jvm.JdbcExecutor. - ALTER TABLE PUBLIC.node_transactions ALTER COLUMN tx_id SET NOT NULL {changeSet=migration/node-core.changelog-v21.xml::node_transaction_id_size::R3.Corda, databaseChangeLog=master.changelog.json}
?[m?[37m[INFO] 18:18:03,987 [Test worker] changelog.ChangeSet. - NOT NULL constraint has been added to node_transactions.tx_id {changeSet=migration/node-core.changelog-v21.xml::node_transaction_id_size::R3.Corda, databaseChangeLog=master.changelog.json}
?[m?[37m[INFO] 18:18:03,987 [Test worker] jvm.JdbcExecutor. - ALTER TABLE PUBLIC.node_scheduled_states ALTER COLUMN transaction_id SET NOT NULL {changeSet=migration/node-core.changelog-v21.xml::node_transaction_id_size::R3.Corda, databaseChangeLog=master.changelog.json}
?[m?[37m[INFO] 18:18:03,987 [Test worker] changelog.ChangeSet. - NOT NULL constraint has been added to node_scheduled_states.transaction_id {changeSet=migration/node-core.changelog-v21.xml::node_transaction_id_size::R3.Corda, databaseChangeLog=master.changelog.json}
?[m?[37m[INFO] 18:18:03,988 [Test worker] jvm.JdbcExecutor. - ALTER TABLE PUBLIC.node_transactions ADD CONSTRAINT node_transactions_pkey PRIMARY KEY (tx_id) {changeSet=migration/node-core.changelog-v21.xml::node_transaction_id_size::R3.Corda, databaseChangeLog=master.changelog.json}
?[m?[37m[INFO] 18:18:03,988 [Test worker] changelog.ChangeSet. - Primary key added to node_transactions (tx_id) {changeSet=migration/node-core.changelog-v21.xml::node_transaction_id_size::R3.Corda, databaseChangeLog=master.changelog.json}
?[m?[37m[INFO] 18:18:03,988 [Test worker] jvm.JdbcExecutor. - ALTER TABLE PUBLIC.node_scheduled_states ADD CONSTRAINT node_scheduled_states_pkey PRIMARY KEY (output_index, transaction_id) {changeSet=migration/node-core.changelog-v21.xml::node_transaction_id_size::R3.Corda, databaseChangeLog=master.changelog.json}
?[m?[37m[INFO] 18:18:03,989 [Test worker] changelog.ChangeSet. - Primary key added to node_scheduled_states (output_index, transaction_id) {changeSet=migration/node-core.changelog-v21.xml::node_transaction_id_size::R3.Corda, databaseChangeLog=master.changelog.json}
?[m?[37m[INFO] 18:18:03,989 [Test worker] changelog.ChangeSet. - ChangeSet migration/node-core.changelog-v21.xml::node_transaction_id_size::R3.Corda ran successfully in 10ms {changeSet=migration/node-core.changelog-v21.xml::node_transaction_id_size::R3.Corda, databaseChangeLog=master.changelog.json}
?[m?[37m[INFO] 18:18:03,990 [Test worker] jvm.JdbcExecutor. - INSERT INTO PUBLIC.DATABASECHANGELOG (ID, AUTHOR, FILENAME, DATEEXECUTED, ORDEREXECUTED, MD5SUM, DESCRIPTION, COMMENTS, EXECTYPE, CONTEXTS, LABELS, LIQUIBASE, DEPLOYMENT_ID) VALUES ('node_transaction_id_size', 'R3.Corda', 'migration/node-core.changelog-v21.xml', NOW(), 108, '8:9267fdf76dd8a7da392f65d5422718c3', 'dropPrimaryKey constraintName=node_transactions_pkey, tableName=node_transactions; dropPrimaryKey constraintName=node_scheduled_states_pkey, tableName=node_scheduled_states; dropNotNullConstraint columnName=tx_id, tableName=node_transactions; drop...', '', 'EXECUTED', NULL, NULL, '3.6.3', '1484683823') {changeSet=migration/node-core.changelog-v21.xml::node_transaction_id_size::R3.Corda, databaseChangeLog=master.changelog.json}
?[m?[37m[INFO] 18:18:03,991 [Test worker] jvm.JdbcExecutor. - INSERT INTO PUBLIC.DATABASECHANGELOG (ID, AUTHOR, FILENAME, DATEEXECUTED, ORDEREXECUTED, MD5SUM, DESCRIPTION, COMMENTS, EXECTYPE, CONTEXTS, LABELS, LIQUIBASE, DEPLOYMENT_ID) VALUES ('node_transaction_id_size_non-clustered_pk', 'R3.Corda', 'migration/node-core.changelog-v21.xml', NOW(), 109, '8:64773359f27e2f85fe6df6097823ce69', 'dropPrimaryKey constraintName=node_transactions_pkey, tableName=node_transactions; addPrimaryKey constraintName=node_transactions_pkey, tableName=node_transactions', '', 'MARK_RAN', NULL, NULL, '3.6.3', '1484683823') {changeSet=migration/node-core.changelog-v21.xml::node_transaction_id_size_non-clustered_pk::R3.Corda, databaseChangeLog=master.changelog.json}
?[m?[37m[INFO] 18:18:03,993 [Test worker] jvm.JdbcExecutor. - ALTER TABLE PUBLIC.node_contract_upgrades DROP PRIMARY KEY {changeSet=migration/node-core.changelog-v21.xml::node_contract_upgrades_state_ref_size::R3.Corda, databaseChangeLog=master.changelog.json}
?[m?[37m[INFO] 18:18:03,993 [Test worker] changelog.ChangeSet. - Primary key dropped from node_contract_upgrades {changeSet=migration/node-core.changelog-v21.xml::node_contract_upgrades_state_ref_size::R3.Corda, databaseChangeLog=master.changelog.json}
?[m?[37m[INFO] 18:18:03,993 [Test worker] jvm.JdbcExecutor. - ALTER TABLE PUBLIC.node_contract_upgrades ALTER COLUMN state_ref SET NULL {changeSet=migration/node-core.changelog-v21.xml::node_contract_upgrades_state_ref_size::R3.Corda, databaseChangeLog=master.changelog.json}
?[m?[37m[INFO] 18:18:03,994 [Test worker] changelog.ChangeSet. - Null constraint dropped from node_contract_upgrades.state_ref {changeSet=migration/node-core.changelog-v21.xml::node_contract_upgrades_state_ref_size::R3.Corda, databaseChangeLog=master.changelog.json}
?[m?[37m[INFO] 18:18:03,994 [Test worker] jvm.JdbcExecutor. - ALTER TABLE PUBLIC.node_contract_upgrades ALTER COLUMN state_ref NVARCHAR(176) {changeSet=migration/node-core.changelog-v21.xml::node_contract_upgrades_state_ref_size::R3.Corda, databaseChangeLog=master.changelog.json}
?[m?[37m[INFO] 18:18:03,996 [Test worker] changelog.ChangeSet. - node_contract_upgrades.state_ref datatype was changed to NVARCHAR(176) {changeSet=migration/node-core.changelog-v21.xml::node_contract_upgrades_state_ref_size::R3.Corda, databaseChangeLog=master.changelog.json}
?[m?[37m[INFO] 18:18:03,996 [Test worker] jvm.JdbcExecutor. - ALTER TABLE PUBLIC.node_contract_upgrades ALTER COLUMN state_ref SET NOT NULL {changeSet=migration/node-core.changelog-v21.xml::node_contract_upgrades_state_ref_size::R3.Corda, databaseChangeLog=master.changelog.json}
?[m?[37m[INFO] 18:18:03,996 [Test worker] changelog.ChangeSet. - NOT NULL constraint has been added to node_contract_upgrades.state_ref {changeSet=migration/node-core.changelog-v21.xml::node_contract_upgrades_state_ref_size::R3.Corda, databaseChangeLog=master.changelog.json}
?[m?[37m[INFO] 18:18:03,996 [Test worker] jvm.JdbcExecutor. - ALTER TABLE PUBLIC.node_contract_upgrades ADD CONSTRAINT node_contract_upgrades_pkey PRIMARY KEY (state_ref) {changeSet=migration/node-core.changelog-v21.xml::node_contract_upgrades_state_ref_size::R3.Corda, databaseChangeLog=master.changelog.json}
?[m?[37m[INFO] 18:18:03,997 [Test worker] changelog.ChangeSet. - Primary key added to node_contract_upgrades (state_ref) {changeSet=migration/node-core.changelog-v21.xml::node_contract_upgrades_state_ref_size::R3.Corda, databaseChangeLog=master.changelog.json}
?[m?[37m[INFO] 18:18:03,997 [Test worker] changelog.ChangeSet. - ChangeSet migration/node-core.changelog-v21.xml::node_contract_upgrades_state_ref_size::R3.Corda ran successfully in 4ms {changeSet=migration/node-core.changelog-v21.xml::node_contract_upgrades_state_ref_size::R3.Corda, databaseChangeLog=master.changelog.json}
?[m?[37m[INFO] 18:18:03,998 [Test worker] jvm.JdbcExecutor. - INSERT INTO PUBLIC.DATABASECHANGELOG (ID, AUTHOR, FILENAME, DATEEXECUTED, ORDEREXECUTED, MD5SUM, DESCRIPTION, COMMENTS, EXECTYPE, CONTEXTS, LABELS, LIQUIBASE, DEPLOYMENT_ID) VALUES ('node_contract_upgrades_state_ref_size', 'R3.Corda', 'migration/node-core.changelog-v21.xml', NOW(), 110, '8:25a17205698e008ce77364ab975aa8b3', 'dropPrimaryKey constraintName=node_contract_upgrades_pkey, tableName=node_contract_upgrades; dropNotNullConstraint columnName=state_ref, tableName=node_contract_upgrades; modifyDataType columnName=state_ref, tableName=node_contract_upgrades; addNo...', '', 'EXECUTED', NULL, NULL, '3.6.3', '1484683823') {changeSet=migration/node-core.changelog-v21.xml::node_contract_upgrades_state_ref_size::R3.Corda, databaseChangeLog=master.changelog.json}
?[m?[37m[INFO] 18:18:03,999 [Test worker] jvm.JdbcExecutor. - CREATE TABLE PUBLIC.node_notary_committed_states (output_index INT NOT NULL, transaction_id NVARCHAR(64) NOT NULL, consuming_transaction_id NVARCHAR(64)) {changeSet=migration/node-services.changelog-init.xml::1511451595465-16::R3.Corda, databaseChangeLog=master.changelog.json}
?[m?[37m[INFO] 18:18:03,999 [Test worker] changelog.ChangeSet. - Table node_notary_committed_states created {changeSet=migration/node-services.changelog-init.xml::1511451595465-16::R3.Corda, databaseChangeLog=master.changelog.json}
?[m?[37m[INFO] 18:18:03,999 [Test worker] changelog.ChangeSet. - ChangeSet migration/node-services.changelog-init.xml::1511451595465-16::R3.Corda ran successfully in 0ms {changeSet=migration/node-services.changelog-init.xml::1511451595465-16::R3.Corda, databaseChangeLog=master.changelog.json}
?[m?[37m[INFO] 18:18:04,000 [Test worker] jvm.JdbcExecutor. - INSERT INTO PUBLIC.DATABASECHANGELOG (ID, AUTHOR, FILENAME, DATEEXECUTED, ORDEREXECUTED, MD5SUM, DESCRIPTION, COMMENTS, EXECTYPE, CONTEXTS, LABELS, LIQUIBASE, DEPLOYMENT_ID) VALUES ('1511451595465-16', 'R3.Corda', 'migration/node-services.changelog-init.xml', NOW(), 111, '8:202eb6144ca2ddf982810c5b333117b8', 'createTable tableName=node_notary_committed_states', '', 'EXECUTED', NULL, NULL, '3.6.3', '1484683823') {changeSet=migration/node-services.changelog-init.xml::1511451595465-16::R3.Corda, databaseChangeLog=master.changelog.json}
?[m?[37m[INFO] 18:18:04,001 [Test worker] jvm.JdbcExecutor. - CREATE TABLE PUBLIC.node_notary_request_log (id INT NOT NULL, consuming_transaction_id NVARCHAR(64) NOT NULL, requesting_party_name NVARCHAR(255) NOT NULL, request_timestamp TIMESTAMP NOT NULL, request_signature BLOB NOT NULL) {changeSet=migration/node-services.changelog-init.xml::1521131680317-17::R3.Corda, databaseChangeLog=master.changelog.json}
?[m?[37m[INFO] 18:18:04,002 [Test worker] changelog.ChangeSet. - Table node_notary_request_log created {changeSet=migration/node-services.changelog-init.xml::1521131680317-17::R3.Corda, databaseChangeLog=master.changelog.json}
?[m?[37m[INFO] 18:18:04,002 [Test worker] changelog.ChangeSet. - ChangeSet migration/node-services.changelog-init.xml::1521131680317-17::R3.Corda ran successfully in 1ms {changeSet=migration/node-services.changelog-init.xml::1521131680317-17::R3.Corda, databaseChangeLog=master.changelog.json}
?[m?[37m[INFO] 18:18:04,003 [Test worker] jvm.JdbcExecutor. - INSERT INTO PUBLIC.DATABASECHANGELOG (ID, AUTHOR, FILENAME, DATEEXECUTED, ORDEREXECUTED, MD5SUM, DESCRIPTION, COMMENTS, EXECTYPE, CONTEXTS, LABELS, LIQUIBASE, DEPLOYMENT_ID) VALUES ('1521131680317-17', 'R3.Corda', 'migration/node-services.changelog-init.xml', NOW(), 112, '8:da67caf796d1a61c253ac38815a6fa6b', 'createTable tableName=node_notary_request_log', '', 'EXECUTED', NULL, NULL, '3.6.3', '1484683823') {changeSet=migration/node-services.changelog-init.xml::1521131680317-17::R3.Corda, databaseChangeLog=master.changelog.json}
?[m?[37m[INFO] 18:18:04,003 [Test worker] jvm.JdbcExecutor. - ALTER TABLE PUBLIC.node_notary_committed_states ADD CONSTRAINT node_notary_states_pkey PRIMARY KEY (output_index, transaction_id) {changeSet=migration/node-services.changelog-init.xml::1511451595465-41::R3.Corda, databaseChangeLog=master.changelog.json}
?[m?[37m[INFO] 18:18:04,004 [Test worker] changelog.ChangeSet. - Primary key added to node_notary_committed_states (output_index, transaction_id) {changeSet=migration/node-services.changelog-init.xml::1511451595465-41::R3.Corda, databaseChangeLog=master.changelog.json}
?[m?[37m[INFO] 18:18:04,004 [Test worker] changelog.ChangeSet. - ChangeSet migration/node-services.changelog-init.xml::1511451595465-41::R3.Corda ran successfully in 1ms {changeSet=migration/node-services.changelog-init.xml::1511451595465-41::R3.Corda, databaseChangeLog=master.changelog.json}
[...]
?[m?[37m[INFO] 18:18:12,997 [Test worker] internal.InternalMockNetwork$MockNode. - Node-info has changed so submitting update. Old node-info was null
?[m?[37m[INFO] 18:18:12,999 [Test worker] network.PersistentNetworkMapCache. - Adding node with info: NodeInfo(addresses=[mock.node:1000], legalIdentitiesAndCerts=[O=Mock Company 2, L=London, C=GB], platformVersion=11, serial=1671484692997), owningKey=DLH1gpgeYqNJUwhaX45xa8rBxut9SNcVpp4ZnSoSKnv7kL
?[m?[37m[INFO] 18:18:12,999 [Test worker] network.PersistentNetworkMapCache. - No previous node found for O=Mock Company 2, L=London, C=GB
?[m?[37m[INFO] 18:18:13,003 [Test worker] internal.InternalMockNetwork$MockNode. - New node-info: NodeInfo(addresses=[mock.node:1000], legalIdentitiesAndCerts=[O=Mock Company 2, L=London, C=GB], platformVersion=11, serial=1671484692997)
?[m?[37m[INFO] 18:18:13,007 [Test worker] network.NetworkMapUpdater. - Auto-accept enabled for network parameter changes which modify only: [epoch, modifiedTime, packageOwnership, whitelistedContractImplementations]
?[m?[37m[INFO] 18:18:13,008 [Test worker] internal.MockNodeMessagingService. - Status change to true
?[m?[37m[INFO] 18:18:13,008 [Test worker] internal.InternalMockNetwork$MockNode. - MessagingService active change to: true
?[m?[37m[INFO] 18:18:13,019 [MockNode-6-2] network.PersistentNetworkMapCache. - Adding node with info: NodeInfo(addresses=[mock.node:1000], legalIdentitiesAndCerts=[O=Mock Company 2, L=London, C=GB], platformVersion=11, serial=1671484692997), owningKey=DLH1gpgeYqNJUwhaX45xa8rBxut9SNcVpp4ZnSoSKnv7kL
?[m?[37m[INFO] 18:18:13,019 [MockNode-6-2] network.PersistentNetworkMapCache. - Previous node was identical to incoming one - doing nothing
?[m?[37m[INFO] 18:18:13,025 [Test worker] ClassloaderUtils. - Contracts loading for 'C:\Users\diogo\AppData\Local\Temp\attachment640554971660756821.jar' took 3 msec
?[m?[37m[INFO] 18:18:13,030 [Test worker] persistence.NodeAttachmentService. - Stored new attachment: id=CE8DE26FD6C21FE1E3966284DEF8E748A454C21F0BD9836854DE4DA4544311BC uploader=app filename=tokenizedhouse CorDapp
?[m?[37m[INFO] 18:18:13,036 [Test worker] ClassloaderUtils. - Contracts loading for 'C:\Users\diogo\AppData\Local\Temp\attachment1428527417795629775.jar' took 4 msec
?[m?[37m[INFO] 18:18:13,047 [Test worker] persistence.NodeAttachmentService. - Stored new attachment: id=34705DC9A2C8599998BBDBA7C3D13609AF04D8B3A772F7134D685ECC926D8320 uploader=app filename=Token SDK Contracts
?[m?[37m[INFO] 18:18:13,049 [Test worker] internal.InternalMockNetwork$MockNode. - Installed com.r3.corda.lib.tokens.selection.memory.services.VaultMigratorService Corda service
?[m?[37m[INFO] 18:18:13,050 [Test worker] cordapp.CordappConfigFileProvider. - Found config for cordapp tokens-workflows-1.2 in build\mock-network\20221219-211810.886-6C3A4298C7E11A46\nodes\2\cordapps\config\tokens-workflows-1.2.conf
?[m?[31m[WARN] 18:18:13,050 [Test worker] inMemoryConfigSelectionLogger. - Did not detect a configuration for InMemory selection - enabling memory usage for token indexing. Please set stateSelection.inMemory.enabled to "false" to disable this
?[m?[31m[WARN] 18:18:13,050 [Test worker] inMemoryConfigSelectionLogger. - No indexing method specified. Indexes will be created at run-time for each invocation of selectTokens
?[m?[37m[INFO] 18:18:13,050 [Test worker] inMemoryConfigSelectionLogger. - Found in memory token selection configuration with values indexing strategy: [], cacheSize: 1024
?[m?[31m[WARN] 18:18:13,050 [Test worker] vault.NodeVaultService. - trackBy is called with an already existing, open DB transaction. As a result, there might be states missing from both the snapshot and observable, included in the returned data feed, because of race conditions.
?[m?[31m[WARN] 18:18:13,054 [Test worker] inMemoryConfigSelectionLogger. - Did not detect a configuration for InMemory selection - enabling memory usage for token indexing. Please set stateSelection.inMemory.enabled to "false" to disable this
?[m?[31m[WARN] 18:18:13,054 [Test worker] inMemoryConfigSelectionLogger. - No indexing method specified. Indexes will be created at run-time for each invocation of selectTokens
?[m?[37m[INFO] 18:18:13,054 [Test worker] inMemoryConfigSelectionLogger. - Found in memory token selection configuration with values indexing strategy: [], cacheSize: 1024
?[m?[37m[INFO] 18:18:13,054 [Test worker] services.VaultWatcherService. - Starting async token loading from vault
?[m?[37m[INFO] 18:18:13,055 [Test worker] internal.InternalMockNetwork$MockNode. - Installed com.r3.corda.lib.tokens.selection.memory.services.VaultWatcherService Corda service
?[m?[37m[INFO] 18:18:13,057 [pool-12-thread-1] services.VaultWatcherService. - publishing 0 to async state loading callback
?[m?[37m[INFO] 18:18:13,057 [pool-12-thread-1] services.VaultWatcherService. - received token vault update with 0 consumed states and: 0 produced states
?[m?[37m[INFO] 18:18:13,057 [pool-12-thread-1] services.VaultWatcherService. - finished token loading
?[m?[37m[INFO] 18:18:13,067 [Test worker] statemachine.SingleThreadedStateMachineManager. - Node ready, info: NodeInfo(addresses=[mock.node:1000], legalIdentitiesAndCerts=[O=Mock Company 2, L=London, C=GB], platformVersion=11, serial=1671484692997)
?[m?[37m[INFO] 18:18:13,069 [Test worker] network.PersistentNetworkMapCache. - Adding node with info: NodeInfo(addresses=[mock.node:1000], legalIdentitiesAndCerts=[O=Notary, L=London, C=GB], platformVersion=11, serial=1671484691626), owningKey=DL5EerrdNexawBUtwgmNijXcAGCq4d6pLSncotVR1SVjrD
?[m?[37m[INFO] 18:18:13,069 [Test worker] network.PersistentNetworkMapCache. - No previous node found for O=Notary, L=London, C=GB
?[m?[37m[INFO] 18:18:13,075 [Test worker] network.PersistentNetworkMapCache. - Adding node with info: NodeInfo(addresses=[mock.node:1000], legalIdentitiesAndCerts=[O=Mock Company 2, L=London, C=GB], platformVersion=11, serial=1671484692997), owningKey=DLH1gpgeYqNJUwhaX45xa8rBxut9SNcVpp4ZnSoSKnv7kL
?[m?[37m[INFO] 18:18:13,075 [Test worker] network.PersistentNetworkMapCache. - No previous node found for O=Mock Company 2, L=London, C=GB
?[m?[37m[INFO] 18:18:13,080 [Test worker] network.PersistentNetworkMapCache. - Adding node with info: NodeInfo(addresses=[mock.node:1000], legalIdentitiesAndCerts=[O=Mock Company 1, L=London, C=GB], platformVersion=11, serial=1671484692317), owningKey=DL8VPzqjks3tXBMqvAXhDQJmjLTChGuoXDoHXC91ALdiqW
?[m?[37m[INFO] 18:18:13,080 [Test worker] network.PersistentNetworkMapCache. - No previous node found for O=Mock Company 1, L=London, C=GB
?[m?[37m[INFO] 18:18:13,087 [Test worker] network.PersistentNetworkMapCache. - Adding node with info: NodeInfo(addresses=[mock.node:1000], legalIdentitiesAndCerts=[O=Mock Company 2, L=London, C=GB], platformVersion=11, serial=1671484692997), owningKey=DLH1gpgeYqNJUwhaX45xa8rBxut9SNcVpp4ZnSoSKnv7kL
?[m?[37m[INFO] 18:18:13,087 [Test worker] network.PersistentNetworkMapCache. - No previous node found for O=Mock Company 2, L=London, C=GB
?[m?[37m[INFO] 18:18:13,093 [Test worker] network.PersistentNetworkMapCache. - Adding node with info: NodeInfo(addresses=[mock.node:1000], legalIdentitiesAndCerts=[O=Mock Company 2, L=London, C=GB], platformVersion=11, serial=1671484692997), owningKey=DLH1gpgeYqNJUwhaX45xa8rBxut9SNcVpp4ZnSoSKnv7kL
?[m?[37m[INFO] 18:18:13,093 [Test worker] network.PersistentNetworkMapCache. - Previous node was identical to incoming one - doing nothing
?[m?[37m[INFO] 18:18:13,093 [Test worker] network.PersistentNetworkMapCache. - Adding node with info: NodeInfo(addresses=[mock.node:1000], legalIdentitiesAndCerts=[O=Mock Company 2, L=London, C=GB], platformVersion=11, serial=1671484692997), owningKey=DLH1gpgeYqNJUwhaX45xa8rBxut9SNcVpp4ZnSoSKnv7kL
?[m?[37m[INFO] 18:18:13,093 [Test worker] network.PersistentNetworkMapCache. - Previous node was identical to incoming one - doing nothing
?[m?[37m[INFO] 18:18:13,168 [Mock network] corda.flow. - No need to notarise this transaction. {actor_id=Only For Testing, actor_owning_identity=O=Mock Company 1, L=London, C=GB, actor_store_id=TEST, fiber-id=10000002, flow-id=4ff155b7-d383-4c83-a853-28b313eb95af, invocation_id=68d8158e-8b55-4a0b-9aa6-dbe6707bffe5, invocation_timestamp=2022-12-19T21:18:13.094Z, origin=Only For Testing, session_id=68d8158e-8b55-4a0b-9aa6-dbe6707bffe5, session_timestamp=2022-12-19T21:18:13.094Z, thread-id=669, tx_id=013DD566247C428B09BC1D78ADDF0D6F796F3618C29F6E8C4B015A33F59785C4}
?[m?[37m[INFO] 18:18:13,168 [Mock network] corda.flow. - Recording transaction locally. {actor_id=Only For Testing, actor_owning_identity=O=Mock Company 1, L=London, C=GB, actor_store_id=TEST, fiber-id=10000002, flow-id=4ff155b7-d383-4c83-a853-28b313eb95af, invocation_id=68d8158e-8b55-4a0b-9aa6-dbe6707bffe5, invocation_timestamp=2022-12-19T21:18:13.094Z, origin=Only For Testing, session_id=68d8158e-8b55-4a0b-9aa6-dbe6707bffe5, session_timestamp=2022-12-19T21:18:13.094Z, thread-id=669, tx_id=013DD566247C428B09BC1D78ADDF0D6F796F3618C29F6E8C4B015A33F59785C4}
?[m?[37m[INFO] 18:18:13,185 [Mock network] corda.flow. - Recorded transaction locally successfully. {actor_id=Only For Testing, actor_owning_identity=O=Mock Company 1, L=London, C=GB, actor_store_id=TEST, fiber-id=10000002, flow-id=4ff155b7-d383-4c83-a853-28b313eb95af, invocation_id=68d8158e-8b55-4a0b-9aa6-dbe6707bffe5, invocation_timestamp=2022-12-19T21:18:13.094Z, origin=Only For Testing, session_id=68d8158e-8b55-4a0b-9aa6-dbe6707bffe5, session_timestamp=2022-12-19T21:18:13.094Z, thread-id=669, tx_id=013DD566247C428B09BC1D78ADDF0D6F796F3618C29F6E8C4B015A33F59785C4}
?[m?[37m[INFO] 18:18:13,185 [Mock network] corda.flow. - All parties received the transaction successfully. {actor_id=Only For Testing, actor_owning_identity=O=Mock Company 1, L=London, C=GB, actor_store_id=TEST, fiber-id=10000002, flow-id=4ff155b7-d383-4c83-a853-28b313eb95af, invocation_id=68d8158e-8b55-4a0b-9aa6-dbe6707bffe5, invocation_timestamp=2022-12-19T21:18:13.094Z, origin=Only For Testing, session_id=68d8158e-8b55-4a0b-9aa6-dbe6707bffe5, session_timestamp=2022-12-19T21:18:13.094Z, thread-id=669, tx_id=013DD566247C428B09BC1D78ADDF0D6F796F3618C29F6E8C4B015A33F59785C4}
?[m?[37m[INFO] 18:18:13,456 [Mock network] corda.flow. - Sending transaction to notary: O=Notary, L=London, C=GB. {actor_id=Only For Testing, actor_owning_identity=O=Mock Company 1, L=London, C=GB, actor_store_id=TEST, fiber-id=10000003, flow-id=6b31c315-179c-4c8f-9857-b24837f3f308, invocation_id=c2a143e5-e24d-489d-9116-8e877999cfd8, invocation_timestamp=2022-12-19T21:18:13.194Z, origin=Only For Testing, session_id=c2a143e5-e24d-489d-9116-8e877999cfd8, session_timestamp=2022-12-19T21:18:13.194Z, thread-id=669, tx_id=301D15932868D362FA2C910A4006A748F5561399C9876941289C155E744C02C3}
?[m?[37m[INFO] 18:18:13,534 [Mock network] corda.flow. - Received a notarisation request for Tx [301D15932868D362FA2C910A4006A748F5561399C9876941289C155E744C02C3] from [O=Mock Company 1, L=London, C=GB] {fiber-id=10000004, flow-id=64dcc955-edb4-487e-9891-819691f59a78, invocation_id=c428c3b5-16d4-4549-9180-40fee6bcaa77, invocation_timestamp=2022-12-19T21:18:13.507Z, origin=O=Mock Company 1, L=London, C=GB, session_id=c428c3b5-16d4-4549-9180-40fee6bcaa77, session_timestamp=2022-12-19T21:18:13.507Z, thread-id=669}
?[m?[37m[INFO] 18:18:14,106 [Notary request queue processor] jpa.JPAUniquenessProvider. - Processing notarization requests with 0 input states and 1 references
?[m?[37m[INFO] 18:18:14,134 [Mock network] corda.flow. - Transaction [301D15932868D362FA2C910A4006A748F5561399C9876941289C155E744C02C3] successfully notarised, sending signature back to [O=Mock Company 1, L=London, C=GB] {fiber-id=10000004, flow-id=64dcc955-edb4-487e-9891-819691f59a78, invocation_id=c428c3b5-16d4-4549-9180-40fee6bcaa77, invocation_timestamp=2022-12-19T21:18:13.507Z, origin=O=Mock Company 1, L=London, C=GB, session_id=c428c3b5-16d4-4549-9180-40fee6bcaa77, session_timestamp=2022-12-19T21:18:13.507Z, thread-id=669}
?[m?[37m[INFO] 18:18:14,203 [Mock network] corda.flow. - Notary responded (O=Notary, L=London, C=GB). {actor_id=Only For Testing, actor_owning_identity=O=Mock Company 1, L=London, C=GB, actor_store_id=TEST, fiber-id=10000003, flow-id=6b31c315-179c-4c8f-9857-b24837f3f308, invocation_id=c2a143e5-e24d-489d-9116-8e877999cfd8, invocation_timestamp=2022-12-19T21:18:13.194Z, origin=Only For Testing, session_id=c2a143e5-e24d-489d-9116-8e877999cfd8, session_timestamp=2022-12-19T21:18:13.194Z, thread-id=669, tx_id=301D15932868D362FA2C910A4006A748F5561399C9876941289C155E744C02C3}
?[m?[37m[INFO] 18:18:14,204 [Mock network] corda.flow. - Recording transaction locally. {actor_id=Only For Testing, actor_owning_identity=O=Mock Company 1, L=London, C=GB, actor_store_id=TEST, fiber-id=10000003, flow-id=6b31c315-179c-4c8f-9857-b24837f3f308, invocation_id=c2a143e5-e24d-489d-9116-8e877999cfd8, invocation_timestamp=2022-12-19T21:18:13.194Z, origin=Only For Testing, session_id=c2a143e5-e24d-489d-9116-8e877999cfd8, session_timestamp=2022-12-19T21:18:13.194Z, thread-id=669, tx_id=301D15932868D362FA2C910A4006A748F5561399C9876941289C155E744C02C3}
?[m?[37m[INFO] 18:18:14,209 [Mock network] corda.flow. - Recorded transaction locally successfully. {actor_id=Only For Testing, actor_owning_identity=O=Mock Company 1, L=London, C=GB, actor_store_id=TEST, fiber-id=10000003, flow-id=6b31c315-179c-4c8f-9857-b24837f3f308, invocation_id=c2a143e5-e24d-489d-9116-8e877999cfd8, invocation_timestamp=2022-12-19T21:18:13.194Z, origin=Only For Testing, session_id=c2a143e5-e24d-489d-9116-8e877999cfd8, session_timestamp=2022-12-19T21:18:13.194Z, thread-id=669, tx_id=301D15932868D362FA2C910A4006A748F5561399C9876941289C155E744C02C3}
?[m?[37m[INFO] 18:18:14,232 [Mock network] corda.flow. - Received transaction acknowledgement request from party O=Mock Company 1, L=London, C=GB. {fiber-id=10000005, flow-id=2c0c1730-8214-412c-92ce-eaf26fd5fcff, invocation_id=1d1939ba-8120-473f-9abc-f87d990da399, invocation_timestamp=2022-12-19T21:18:13.591Z, origin=O=Mock Company 1, L=London, C=GB, session_id=1d1939ba-8120-473f-9abc-f87d990da399, session_timestamp=2022-12-19T21:18:13.591Z, thread-id=669, tx_id=301D15932868D362FA2C910A4006A748F5561399C9876941289C155E744C02C3}
?[m?[37m[INFO] 18:18:14,292 [Mock network] corda.flow. - Transaction dependencies resolution completed. {fiber-id=10000005, flow-id=2c0c1730-8214-412c-92ce-eaf26fd5fcff, invocation_id=1d1939ba-8120-473f-9abc-f87d990da399, invocation_timestamp=2022-12-19T21:18:13.591Z, origin=O=Mock Company 1, L=London, C=GB, session_id=1d1939ba-8120-473f-9abc-f87d990da399, session_timestamp=2022-12-19T21:18:13.591Z, thread-id=669, tx_id=301D15932868D362FA2C910A4006A748F5561399C9876941289C155E744C02C3}
?[m?[37m[INFO] 18:18:14,351 [Mock network] corda.flow. - Successfully received fully signed tx. Sending it to the vault for processing. {fiber-id=10000005, flow-id=2c0c1730-8214-412c-92ce-eaf26fd5fcff, invocation_id=1d1939ba-8120-473f-9abc-f87d990da399, invocation_timestamp=2022-12-19T21:18:13.591Z, origin=O=Mock Company 1, L=London, C=GB, session_id=1d1939ba-8120-473f-9abc-f87d990da399, session_timestamp=2022-12-19T21:18:13.591Z, thread-id=669, tx_id=301D15932868D362FA2C910A4006A748F5561399C9876941289C155E744C02C3}
?[m?[37m[INFO] 18:18:14,371 [Mock network] corda.flow. - Successfully recorded received transaction locally. {fiber-id=10000005, flow-id=2c0c1730-8214-412c-92ce-eaf26fd5fcff, invocation_id=1d1939ba-8120-473f-9abc-f87d990da399, invocation_timestamp=2022-12-19T21:18:13.591Z, origin=O=Mock Company 1, L=London, C=GB, session_id=1d1939ba-8120-473f-9abc-f87d990da399, session_timestamp=2022-12-19T21:18:13.591Z, thread-id=669, tx_id=301D15932868D362FA2C910A4006A748F5561399C9876941289C155E744C02C3}
?[m?[37m[INFO] 18:18:14,375 [Mock network] services.VaultWatcherService. - received token vault update with 0 consumed states and: 1 produced states {actor_id=Only For Testing, actor_owning_identity=O=Mock Company 1, L=London, C=GB, actor_store_id=TEST, fiber-id=10000005, flow-id=2c0c1730-8214-412c-92ce-eaf26fd5fcff, invocation_id=1d1939ba-8120-473f-9abc-f87d990da399, invocation_timestamp=2022-12-19T21:18:13.591Z, origin=O=Mock Company 1, L=London, C=GB, session_id=1d1939ba-8120-473f-9abc-f87d990da399, session_timestamp=2022-12-19T21:18:13.591Z, thread-id=669}
?[m?[37m[INFO] 18:18:14,386 [Mock network] corda.flow. - Party O=Mock Company 2, L=London, C=GB received the transaction. {actor_id=Only For Testing, actor_owning_identity=O=Mock Company 1, L=London, C=GB, actor_store_id=TEST, fiber-id=10000003, flow-id=6b31c315-179c-4c8f-9857-b24837f3f308, invocation_id=c2a143e5-e24d-489d-9116-8e877999cfd8, invocation_timestamp=2022-12-19T21:18:13.194Z, origin=Only For Testing, session_id=c2a143e5-e24d-489d-9116-8e877999cfd8, session_timestamp=2022-12-19T21:18:13.194Z, thread-id=669, tx_id=301D15932868D362FA2C910A4006A748F5561399C9876941289C155E744C02C3}
?[m?[37m[INFO] 18:18:14,386 [Mock network] corda.flow. - All parties received the transaction successfully. {actor_id=Only For Testing, actor_owning_identity=O=Mock Company 1, L=London, C=GB, actor_store_id=TEST, fiber-id=10000003, flow-id=6b31c315-179c-4c8f-9857-b24837f3f308, invocation_id=c2a143e5-e24d-489d-9116-8e877999cfd8, invocation_timestamp=2022-12-19T21:18:13.194Z, origin=Only For Testing, session_id=c2a143e5-e24d-489d-9116-8e877999cfd8, session_timestamp=2022-12-19T21:18:13.194Z, thread-id=669, tx_id=301D15932868D362FA2C910A4006A748F5561399C9876941289C155E744C02C3}
?[m?[37m[INFO] 18:18:14,413 [Test worker] persistence.CordaPersistence. - Closing HikariDataSource (HikariPool-4)
?[m?[37m[INFO] 18:18:14,413 [Test worker] hikari.HikariDataSource. - HikariPool-4 - Shutdown initiated...
?[m?[37m[INFO] 18:18:14,435 [Test worker] hikari.HikariDataSource. - HikariPool-4 - Shutdown completed.
?[m?[37m[INFO] 18:18:14,435 [Test worker] internal.MockNodeMessagingService. - Status change to false
?[m?[37m[INFO] 18:18:14,435 [Test worker] internal.InternalMockNetwork$MockNode. - MessagingService active change to: false
?[m?[37m[INFO] 18:18:14,437 [Test worker] persistence.CordaPersistence. - Closing HikariDataSource (HikariPool-5)
?[m?[37m[INFO] 18:18:14,437 [Test worker] hikari.HikariDataSource. - HikariPool-5 - Shutdown initiated...
?[m?[37m[INFO] 18:18:14,462 [Test worker] hikari.HikariDataSource. - HikariPool-5 - Shutdown completed.
?[m?[37m[INFO] 18:18:14,463 [Test worker] internal.MockNodeMessagingService. - Status change to false
?[m?[37m[INFO] 18:18:14,463 [Test worker] internal.InternalMockNetwork$MockNode. - MessagingService active change to: false
?[m?[37m[INFO] 18:18:14,464 [Test worker] persistence.CordaPersistence. - Closing HikariDataSource (HikariPool-6)
?[m?[37m[INFO] 18:18:14,464 [Test worker] hikari.HikariDataSource. - HikariPool-6 - Shutdown initiated...
?[m?[37m[INFO] 18:18:14,486 [Test worker] hikari.HikariDataSource. - HikariPool-6 - Shutdown completed.
?[m]]></system-out>
  <system-err><![CDATA[QUASAR WARNING: Assertions enabled. This may harm performance.
QUASAR WARNING: Fibers are set to verify instrumentation. This may *severely* harm performance.
[quasar] WARNING: Method not found in class - assuming suspendable: com/r3/corda/lib/tokens/testing/states/House#getValuation()Lnet/corda/core/contracts/Amount; (at TestFlows.kt:com/r3/corda/lib/tokens/workflows/internal/testflows/DvPFlow#call)
]]></system-err>
</testsuite>
